{"D:\\Spring 26 Code\\Software-Design\\backend\\src\\controllers\\authController.js": {"path":"D:\\Spring 26 Code\\Software-Design\\backend\\src\\controllers\\authController.js","statementMap":{"0":{"start":{"line":1,"column":15},"end":{"line":1,"column":34}},"1":{"start":{"line":2,"column":24},"end":{"line":2,"column":63}},"2":{"start":{"line":3,"column":20},"end":{"line":3,"column":55}},"3":{"start":{"line":5,"column":28},"end":{"line":5,"column":29}},"4":{"start":{"line":6,"column":24},"end":{"line":6,"column":25}},"5":{"start":{"line":7,"column":24},"end":{"line":7,"column":26}},"6":{"start":{"line":8,"column":25},"end":{"line":8,"column":28}},"7":{"start":{"line":10,"column":25},"end":{"line":10,"column":88}},"8":{"start":{"line":10,"column":36},"end":{"line":10,"column":88}},"9":{"start":{"line":12,"column":0},"end":{"line":108,"column":2}},"10":{"start":{"line":13,"column":51},"end":{"line":13,"column":59}},"11":{"start":{"line":15,"column":2},"end":{"line":19,"column":3}},"12":{"start":{"line":16,"column":4},"end":{"line":18,"column":7}},"13":{"start":{"line":21,"column":27},"end":{"line":21,"column":43}},"14":{"start":{"line":22,"column":26},"end":{"line":22,"column":41}},"15":{"start":{"line":23,"column":26},"end":{"line":23,"column":52}},"16":{"start":{"line":25,"column":2},"end":{"line":29,"column":3}},"17":{"start":{"line":26,"column":4},"end":{"line":28,"column":7}},"18":{"start":{"line":31,"column":2},"end":{"line":35,"column":3}},"19":{"start":{"line":32,"column":4},"end":{"line":34,"column":7}},"20":{"start":{"line":37,"column":2},"end":{"line":41,"column":3}},"21":{"start":{"line":38,"column":4},"end":{"line":40,"column":7}},"22":{"start":{"line":43,"column":2},"end":{"line":47,"column":3}},"23":{"start":{"line":44,"column":4},"end":{"line":46,"column":7}},"24":{"start":{"line":49,"column":21},"end":{"line":49,"column":49}},"25":{"start":{"line":50,"column":2},"end":{"line":54,"column":3}},"26":{"start":{"line":51,"column":4},"end":{"line":53,"column":7}},"27":{"start":{"line":56,"column":29},"end":{"line":56,"column":86}},"28":{"start":{"line":58,"column":2},"end":{"line":62,"column":3}},"29":{"start":{"line":59,"column":4},"end":{"line":61,"column":7}},"30":{"start":{"line":64,"column":23},"end":{"line":64,"column":54}},"31":{"start":{"line":65,"column":19},"end":{"line":65,"column":23}},"32":{"start":{"line":67,"column":2},"end":{"line":107,"column":3}},"33":{"start":{"line":68,"column":4},"end":{"line":72,"column":7}},"34":{"start":{"line":74,"column":21},"end":{"line":74,"column":61}},"35":{"start":{"line":75,"column":4},"end":{"line":81,"column":7}},"36":{"start":{"line":83,"column":4},"end":{"line":91,"column":7}},"37":{"start":{"line":93,"column":4},"end":{"line":96,"column":5}},"38":{"start":{"line":94,"column":6},"end":{"line":94,"column":79}},"39":{"start":{"line":95,"column":6},"end":{"line":95,"column":84}},"40":{"start":{"line":98,"column":4},"end":{"line":102,"column":5}},"41":{"start":{"line":99,"column":6},"end":{"line":101,"column":9}},"42":{"start":{"line":104,"column":4},"end":{"line":106,"column":7}},"43":{"start":{"line":110,"column":0},"end":{"line":140,"column":2}},"44":{"start":{"line":111,"column":30},"end":{"line":111,"column":38}},"45":{"start":{"line":113,"column":2},"end":{"line":117,"column":3}},"46":{"start":{"line":114,"column":4},"end":{"line":116,"column":7}},"47":{"start":{"line":119,"column":26},"end":{"line":119,"column":52}},"48":{"start":{"line":120,"column":15},"end":{"line":120,"column":72}},"49":{"start":{"line":122,"column":2},"end":{"line":126,"column":3}},"50":{"start":{"line":123,"column":4},"end":{"line":125,"column":7}},"51":{"start":{"line":128,"column":26},"end":{"line":128,"column":75}},"52":{"start":{"line":130,"column":2},"end":{"line":134,"column":3}},"53":{"start":{"line":131,"column":4},"end":{"line":133,"column":7}},"54":{"start":{"line":136,"column":2},"end":{"line":139,"column":5}}},"fnMap":{"0":{"name":"(anonymous_0)","decl":{"start":{"line":10,"column":25},"end":{"line":10,"column":26}},"loc":{"start":{"line":10,"column":36},"end":{"line":10,"column":88}},"line":10},"1":{"name":"(anonymous_1)","decl":{"start":{"line":12,"column":19},"end":{"line":12,"column":20}},"loc":{"start":{"line":12,"column":39},"end":{"line":108,"column":1}},"line":12},"2":{"name":"(anonymous_2)","decl":{"start":{"line":94,"column":69},"end":{"line":94,"column":70}},"loc":{"start":{"line":94,"column":75},"end":{"line":94,"column":77}},"line":94},"3":{"name":"(anonymous_3)","decl":{"start":{"line":95,"column":74},"end":{"line":95,"column":75}},"loc":{"start":{"line":95,"column":80},"end":{"line":95,"column":82}},"line":95},"4":{"name":"(anonymous_4)","decl":{"start":{"line":110,"column":16},"end":{"line":110,"column":17}},"loc":{"start":{"line":110,"column":36},"end":{"line":140,"column":1}},"line":110}},"branchMap":{"0":{"loc":{"start":{"line":10,"column":36},"end":{"line":10,"column":88}},"type":"binary-expr","locations":[{"start":{"line":10,"column":36},"end":{"line":10,"column":61}},{"start":{"line":10,"column":65},"end":{"line":10,"column":88}}],"line":10},"1":{"loc":{"start":{"line":15,"column":2},"end":{"line":19,"column":3}},"type":"if","locations":[{"start":{"line":15,"column":2},"end":{"line":19,"column":3}},{"start":{},"end":{}}],"line":15},"2":{"loc":{"start":{"line":15,"column":6},"end":{"line":15,"column":124}},"type":"binary-expr","locations":[{"start":{"line":15,"column":6},"end":{"line":15,"column":34}},{"start":{"line":15,"column":38},"end":{"line":15,"column":65}},{"start":{"line":15,"column":69},"end":{"line":15,"column":93}},{"start":{"line":15,"column":97},"end":{"line":15,"column":124}}],"line":15},"3":{"loc":{"start":{"line":25,"column":2},"end":{"line":29,"column":3}},"type":"if","locations":[{"start":{"line":25,"column":2},"end":{"line":29,"column":3}},{"start":{},"end":{}}],"line":25},"4":{"loc":{"start":{"line":25,"column":6},"end":{"line":25,"column":92}},"type":"binary-expr","locations":[{"start":{"line":25,"column":6},"end":{"line":25,"column":47}},{"start":{"line":25,"column":51},"end":{"line":25,"column":92}}],"line":25},"5":{"loc":{"start":{"line":31,"column":2},"end":{"line":35,"column":3}},"type":"if","locations":[{"start":{"line":31,"column":2},"end":{"line":35,"column":3}},{"start":{},"end":{}}],"line":31},"6":{"loc":{"start":{"line":31,"column":6},"end":{"line":31,"column":90}},"type":"binary-expr","locations":[{"start":{"line":31,"column":6},"end":{"line":31,"column":46}},{"start":{"line":31,"column":50},"end":{"line":31,"column":90}}],"line":31},"7":{"loc":{"start":{"line":37,"column":2},"end":{"line":41,"column":3}},"type":"if","locations":[{"start":{"line":37,"column":2},"end":{"line":41,"column":3}},{"start":{},"end":{}}],"line":37},"8":{"loc":{"start":{"line":43,"column":2},"end":{"line":47,"column":3}},"type":"if","locations":[{"start":{"line":43,"column":2},"end":{"line":47,"column":3}},{"start":{},"end":{}}],"line":43},"9":{"loc":{"start":{"line":50,"column":2},"end":{"line":54,"column":3}},"type":"if","locations":[{"start":{"line":50,"column":2},"end":{"line":54,"column":3}},{"start":{},"end":{}}],"line":50},"10":{"loc":{"start":{"line":58,"column":2},"end":{"line":62,"column":3}},"type":"if","locations":[{"start":{"line":58,"column":2},"end":{"line":62,"column":3}},{"start":{},"end":{}}],"line":58},"11":{"loc":{"start":{"line":93,"column":4},"end":{"line":96,"column":5}},"type":"if","locations":[{"start":{"line":93,"column":4},"end":{"line":96,"column":5}},{"start":{},"end":{}}],"line":93},"12":{"loc":{"start":{"line":98,"column":4},"end":{"line":102,"column":5}},"type":"if","locations":[{"start":{"line":98,"column":4},"end":{"line":102,"column":5}},{"start":{},"end":{}}],"line":98},"13":{"loc":{"start":{"line":113,"column":2},"end":{"line":117,"column":3}},"type":"if","locations":[{"start":{"line":113,"column":2},"end":{"line":117,"column":3}},{"start":{},"end":{}}],"line":113},"14":{"loc":{"start":{"line":113,"column":6},"end":{"line":113,"column":61}},"type":"binary-expr","locations":[{"start":{"line":113,"column":6},"end":{"line":113,"column":30}},{"start":{"line":113,"column":34},"end":{"line":113,"column":61}}],"line":113},"15":{"loc":{"start":{"line":122,"column":2},"end":{"line":126,"column":3}},"type":"if","locations":[{"start":{"line":122,"column":2},"end":{"line":126,"column":3}},{"start":{},"end":{}}],"line":122},"16":{"loc":{"start":{"line":130,"column":2},"end":{"line":134,"column":3}},"type":"if","locations":[{"start":{"line":130,"column":2},"end":{"line":134,"column":3}},{"start":{},"end":{}}],"line":130}},"s":{"0":1,"1":1,"2":1,"3":1,"4":1,"5":1,"6":1,"7":1,"8":24,"9":1,"10":5,"11":5,"12":1,"13":4,"14":4,"15":4,"16":4,"17":0,"18":4,"19":0,"20":4,"21":0,"22":4,"23":1,"24":3,"25":3,"26":1,"27":2,"28":2,"29":1,"30":1,"31":1,"32":1,"33":1,"34":1,"35":1,"36":1,"37":0,"38":0,"39":0,"40":0,"41":0,"42":0,"43":1,"44":3,"45":3,"46":1,"47":2,"48":2,"49":2,"50":1,"51":1,"52":1,"53":0,"54":1},"f":{"0":24,"1":5,"2":0,"3":0,"4":3},"b":{"0":[24,22],"1":[1,4],"2":[5,5,4,4],"3":[0,4],"4":[4,4],"5":[0,4],"6":[4,4],"7":[0,4],"8":[1,3],"9":[1,2],"10":[1,1],"11":[0,0],"12":[0,0],"13":[1,2],"14":[3,3],"15":[1,1],"16":[0,1]},"_coverageSchema":"1a1c01bbd47fc00a2c39e90264f33305004495a9","hash":"dfd04ed1c958ffb1085799a04d6966252c5766fa"}
,"D:\\Spring 26 Code\\Software-Design\\backend\\src\\controllers\\historyController.js": {"path":"D:\\Spring 26 Code\\Software-Design\\backend\\src\\controllers\\historyController.js","statementMap":{"0":{"start":{"line":2,"column":14},"end":{"line":2,"column":16}},"1":{"start":{"line":5,"column":19},"end":{"line":17,"column":1}},"2":{"start":{"line":6,"column":18},"end":{"line":13,"column":5}},"3":{"start":{"line":14,"column":4},"end":{"line":14,"column":24}},"4":{"start":{"line":15,"column":4},"end":{"line":15,"column":82}},"5":{"start":{"line":16,"column":4},"end":{"line":16,"column":17}},"6":{"start":{"line":20,"column":21},"end":{"line":32,"column":1}},"7":{"start":{"line":21,"column":18},"end":{"line":28,"column":5}},"8":{"start":{"line":29,"column":4},"end":{"line":29,"column":24}},"9":{"start":{"line":30,"column":4},"end":{"line":30,"column":89}},"10":{"start":{"line":31,"column":4},"end":{"line":31,"column":17}},"11":{"start":{"line":35,"column":22},"end":{"line":47,"column":1}},"12":{"start":{"line":36,"column":18},"end":{"line":43,"column":5}},"13":{"start":{"line":44,"column":4},"end":{"line":44,"column":24}},"14":{"start":{"line":45,"column":4},"end":{"line":45,"column":92}},"15":{"start":{"line":46,"column":4},"end":{"line":46,"column":17}},"16":{"start":{"line":50,"column":22},"end":{"line":52,"column":1}},"17":{"start":{"line":51,"column":4},"end":{"line":51,"column":41}},"18":{"start":{"line":55,"column":27},"end":{"line":59,"column":1}},"19":{"start":{"line":56,"column":25},"end":{"line":56,"column":35}},"20":{"start":{"line":57,"column":24},"end":{"line":57,"column":68}},"21":{"start":{"line":57,"column":44},"end":{"line":57,"column":67}},"22":{"start":{"line":58,"column":4},"end":{"line":58,"column":54}},"23":{"start":{"line":62,"column":28},"end":{"line":66,"column":1}},"24":{"start":{"line":63,"column":26},"end":{"line":63,"column":36}},"25":{"start":{"line":64,"column":27},"end":{"line":64,"column":73}},"26":{"start":{"line":64,"column":47},"end":{"line":64,"column":72}},"27":{"start":{"line":65,"column":4},"end":{"line":65,"column":57}},"28":{"start":{"line":69,"column":21},"end":{"line":71,"column":1}},"29":{"start":{"line":70,"column":4},"end":{"line":70,"column":17}},"30":{"start":{"line":73,"column":0},"end":{"line":81,"column":2}}},"fnMap":{"0":{"name":"(anonymous_0)","decl":{"start":{"line":5,"column":19},"end":{"line":5,"column":20}},"loc":{"start":{"line":5,"column":50},"end":{"line":17,"column":1}},"line":5},"1":{"name":"(anonymous_1)","decl":{"start":{"line":20,"column":21},"end":{"line":20,"column":22}},"loc":{"start":{"line":20,"column":52},"end":{"line":32,"column":1}},"line":20},"2":{"name":"(anonymous_2)","decl":{"start":{"line":35,"column":22},"end":{"line":35,"column":23}},"loc":{"start":{"line":35,"column":53},"end":{"line":47,"column":1}},"line":35},"3":{"name":"(anonymous_3)","decl":{"start":{"line":50,"column":22},"end":{"line":50,"column":23}},"loc":{"start":{"line":50,"column":36},"end":{"line":52,"column":1}},"line":50},"4":{"name":"(anonymous_4)","decl":{"start":{"line":55,"column":27},"end":{"line":55,"column":28}},"loc":{"start":{"line":55,"column":41},"end":{"line":59,"column":1}},"line":55},"5":{"name":"(anonymous_5)","decl":{"start":{"line":57,"column":39},"end":{"line":57,"column":40}},"loc":{"start":{"line":57,"column":44},"end":{"line":57,"column":67}},"line":57},"6":{"name":"(anonymous_6)","decl":{"start":{"line":62,"column":28},"end":{"line":62,"column":29}},"loc":{"start":{"line":62,"column":42},"end":{"line":66,"column":1}},"line":62},"7":{"name":"(anonymous_7)","decl":{"start":{"line":64,"column":42},"end":{"line":64,"column":43}},"loc":{"start":{"line":64,"column":47},"end":{"line":64,"column":72}},"line":64},"8":{"name":"(anonymous_8)","decl":{"start":{"line":69,"column":21},"end":{"line":69,"column":22}},"loc":{"start":{"line":69,"column":27},"end":{"line":71,"column":1}},"line":69}},"branchMap":{},"s":{"0":2,"1":2,"2":0,"3":0,"4":0,"5":0,"6":2,"7":0,"8":0,"9":0,"10":0,"11":2,"12":0,"13":0,"14":0,"15":0,"16":2,"17":0,"18":2,"19":0,"20":0,"21":0,"22":0,"23":2,"24":0,"25":0,"26":0,"27":0,"28":2,"29":8,"30":2},"f":{"0":0,"1":0,"2":0,"3":0,"4":0,"5":0,"6":0,"7":0,"8":8},"b":{},"_coverageSchema":"1a1c01bbd47fc00a2c39e90264f33305004495a9","hash":"0a3fa998c9d1e6498cb1090cebb3db0d9722f338"}
,"D:\\Spring 26 Code\\Software-Design\\backend\\src\\controllers\\notificationController.js": {"path":"D:\\Spring 26 Code\\Software-Design\\backend\\src\\controllers\\notificationController.js","statementMap":{"0":{"start":{"line":2,"column":20},"end":{"line":2,"column":22}},"1":{"start":{"line":5,"column":32},"end":{"line":18,"column":1}},"2":{"start":{"line":6,"column":25},"end":{"line":14,"column":5}},"3":{"start":{"line":15,"column":4},"end":{"line":15,"column":37}},"4":{"start":{"line":16,"column":4},"end":{"line":16,"column":58}},"5":{"start":{"line":17,"column":4},"end":{"line":17,"column":24}},"6":{"start":{"line":21,"column":37},"end":{"line":34,"column":1}},"7":{"start":{"line":22,"column":25},"end":{"line":30,"column":5}},"8":{"start":{"line":31,"column":4},"end":{"line":31,"column":37}},"9":{"start":{"line":32,"column":4},"end":{"line":32,"column":58}},"10":{"start":{"line":33,"column":4},"end":{"line":33,"column":24}},"11":{"start":{"line":37,"column":28},"end":{"line":39,"column":1}},"12":{"start":{"line":38,"column":4},"end":{"line":38,"column":47}},"13":{"start":{"line":42,"column":33},"end":{"line":46,"column":1}},"14":{"start":{"line":43,"column":25},"end":{"line":43,"column":35}},"15":{"start":{"line":44,"column":30},"end":{"line":44,"column":80}},"16":{"start":{"line":44,"column":56},"end":{"line":44,"column":79}},"17":{"start":{"line":45,"column":4},"end":{"line":45,"column":66}},"18":{"start":{"line":49,"column":27},"end":{"line":51,"column":1}},"19":{"start":{"line":50,"column":4},"end":{"line":50,"column":23}},"20":{"start":{"line":53,"column":0},"end":{"line":59,"column":2}}},"fnMap":{"0":{"name":"(anonymous_0)","decl":{"start":{"line":5,"column":32},"end":{"line":5,"column":33}},"loc":{"start":{"line":5,"column":63},"end":{"line":18,"column":1}},"line":5},"1":{"name":"(anonymous_1)","decl":{"start":{"line":21,"column":37},"end":{"line":21,"column":38}},"loc":{"start":{"line":21,"column":78},"end":{"line":34,"column":1}},"line":21},"2":{"name":"(anonymous_2)","decl":{"start":{"line":37,"column":28},"end":{"line":37,"column":29}},"loc":{"start":{"line":37,"column":42},"end":{"line":39,"column":1}},"line":37},"3":{"name":"(anonymous_3)","decl":{"start":{"line":42,"column":33},"end":{"line":42,"column":34}},"loc":{"start":{"line":42,"column":47},"end":{"line":46,"column":1}},"line":42},"4":{"name":"(anonymous_4)","decl":{"start":{"line":44,"column":51},"end":{"line":44,"column":52}},"loc":{"start":{"line":44,"column":56},"end":{"line":44,"column":79}},"line":44},"5":{"name":"(anonymous_5)","decl":{"start":{"line":49,"column":27},"end":{"line":49,"column":28}},"loc":{"start":{"line":49,"column":33},"end":{"line":51,"column":1}},"line":49}},"branchMap":{},"s":{"0":2,"1":2,"2":0,"3":0,"4":0,"5":0,"6":2,"7":0,"8":0,"9":0,"10":0,"11":2,"12":0,"13":2,"14":0,"15":0,"16":0,"17":0,"18":2,"19":5,"20":2},"f":{"0":0,"1":0,"2":0,"3":0,"4":0,"5":5},"b":{},"_coverageSchema":"1a1c01bbd47fc00a2c39e90264f33305004495a9","hash":"54f54b11ae9420c11cadc4402feabc1d903582a7"}
,"D:\\Spring 26 Code\\Software-Design\\backend\\src\\controllers\\queueController.js": {"path":"D:\\Spring 26 Code\\Software-Design\\backend\\src\\controllers\\queueController.js","statementMap":{"0":{"start":{"line":1,"column":16},"end":{"line":1,"column":44}},"1":{"start":{"line":2,"column":14},"end":{"line":2,"column":40}},"2":{"start":{"line":3,"column":19},"end":{"line":3,"column":50}},"3":{"start":{"line":4,"column":66},"end":{"line":4,"column":101}},"4":{"start":{"line":5,"column":52},"end":{"line":5,"column":82}},"5":{"start":{"line":8,"column":20},"end":{"line":22,"column":1}},"6":{"start":{"line":9,"column":4},"end":{"line":21,"column":5}},"7":{"start":{"line":10,"column":25},"end":{"line":10,"column":45}},"8":{"start":{"line":11,"column":26},"end":{"line":11,"column":28}},"9":{"start":{"line":13,"column":8},"end":{"line":16,"column":9}},"10":{"start":{"line":14,"column":26},"end":{"line":14,"column":108}},"11":{"start":{"line":15,"column":12},"end":{"line":15,"column":81}},"12":{"start":{"line":18,"column":8},"end":{"line":18,"column":50}},"13":{"start":{"line":20,"column":8},"end":{"line":20,"column":73}},"14":{"start":{"line":26,"column":21},"end":{"line":40,"column":1}},"15":{"start":{"line":27,"column":4},"end":{"line":39,"column":5}},"16":{"start":{"line":28,"column":24},"end":{"line":28,"column":90}},"17":{"start":{"line":30,"column":23},"end":{"line":30,"column":25}},"18":{"start":{"line":31,"column":8},"end":{"line":34,"column":9}},"19":{"start":{"line":32,"column":12},"end":{"line":32,"column":67}},"20":{"start":{"line":32,"column":40},"end":{"line":32,"column":67}},"21":{"start":{"line":33,"column":12},"end":{"line":33,"column":87}},"22":{"start":{"line":36,"column":8},"end":{"line":36,"column":44}},"23":{"start":{"line":38,"column":8},"end":{"line":38,"column":73}},"24":{"start":{"line":43,"column":22},"end":{"line":80,"column":1}},"25":{"start":{"line":44,"column":4},"end":{"line":79,"column":5}},"26":{"start":{"line":45,"column":30},"end":{"line":45,"column":40}},"27":{"start":{"line":48,"column":24},"end":{"line":48,"column":60}},"28":{"start":{"line":49,"column":8},"end":{"line":51,"column":9}},"29":{"start":{"line":50,"column":12},"end":{"line":50,"column":96}},"30":{"start":{"line":54,"column":27},"end":{"line":58,"column":9}},"31":{"start":{"line":60,"column":8},"end":{"line":62,"column":9}},"32":{"start":{"line":61,"column":12},"end":{"line":61,"column":95}},"33":{"start":{"line":64,"column":8},"end":{"line":64,"column":70}},"34":{"start":{"line":67,"column":26},"end":{"line":67,"column":112}},"35":{"start":{"line":68,"column":8},"end":{"line":68,"column":111}},"36":{"start":{"line":68,"column":26},"end":{"line":68,"column":111}},"37":{"start":{"line":69,"column":8},"end":{"line":69,"column":111}},"38":{"start":{"line":69,"column":26},"end":{"line":69,"column":111}},"39":{"start":{"line":71,"column":8},"end":{"line":76,"column":11}},"40":{"start":{"line":75,"column":46},"end":{"line":75,"column":84}},"41":{"start":{"line":78,"column":8},"end":{"line":78,"column":73}},"42":{"start":{"line":83,"column":17},"end":{"line":123,"column":1}},"43":{"start":{"line":84,"column":4},"end":{"line":122,"column":5}},"44":{"start":{"line":85,"column":40},"end":{"line":85,"column":50}},"45":{"start":{"line":86,"column":30},"end":{"line":86,"column":38}},"46":{"start":{"line":89,"column":24},"end":{"line":89,"column":60}},"47":{"start":{"line":90,"column":8},"end":{"line":92,"column":9}},"48":{"start":{"line":91,"column":12},"end":{"line":91,"column":72}},"49":{"start":{"line":95,"column":21},"end":{"line":95,"column":98}},"50":{"start":{"line":96,"column":8},"end":{"line":98,"column":9}},"51":{"start":{"line":97,"column":12},"end":{"line":97,"column":71}},"52":{"start":{"line":102,"column":8},"end":{"line":106,"column":9}},"53":{"start":{"line":103,"column":12},"end":{"line":103,"column":120}},"54":{"start":{"line":104,"column":15},"end":{"line":106,"column":9}},"55":{"start":{"line":105,"column":12},"end":{"line":105,"column":120}},"56":{"start":{"line":108,"column":8},"end":{"line":112,"column":9}},"57":{"start":{"line":109,"column":28},"end":{"line":109,"column":41}},"58":{"start":{"line":110,"column":12},"end":{"line":110,"column":90}},"59":{"start":{"line":111,"column":12},"end":{"line":111,"column":84}},"60":{"start":{"line":114,"column":29},"end":{"line":114,"column":115}},"61":{"start":{"line":115,"column":8},"end":{"line":119,"column":11}},"62":{"start":{"line":118,"column":49},"end":{"line":118,"column":87}},"63":{"start":{"line":121,"column":8},"end":{"line":121,"column":73}},"64":{"start":{"line":126,"column":19},"end":{"line":148,"column":1}},"65":{"start":{"line":127,"column":4},"end":{"line":147,"column":5}},"66":{"start":{"line":128,"column":40},"end":{"line":128,"column":50}},"67":{"start":{"line":131,"column":24},"end":{"line":131,"column":60}},"68":{"start":{"line":132,"column":8},"end":{"line":134,"column":9}},"69":{"start":{"line":133,"column":12},"end":{"line":133,"column":72}},"70":{"start":{"line":136,"column":22},"end":{"line":140,"column":9}},"71":{"start":{"line":142,"column":8},"end":{"line":142,"column":66}},"72":{"start":{"line":142,"column":19},"end":{"line":142,"column":66}},"73":{"start":{"line":144,"column":8},"end":{"line":144,"column":61}},"74":{"start":{"line":146,"column":8},"end":{"line":146,"column":73}},"75":{"start":{"line":151,"column":18},"end":{"line":199,"column":1}},"76":{"start":{"line":152,"column":4},"end":{"line":198,"column":5}},"77":{"start":{"line":153,"column":30},"end":{"line":153,"column":40}},"78":{"start":{"line":154,"column":25},"end":{"line":154,"column":33}},"79":{"start":{"line":156,"column":8},"end":{"line":158,"column":9}},"80":{"start":{"line":157,"column":12},"end":{"line":157,"column":85}},"81":{"start":{"line":161,"column":24},"end":{"line":161,"column":60}},"82":{"start":{"line":162,"column":8},"end":{"line":164,"column":9}},"83":{"start":{"line":163,"column":12},"end":{"line":163,"column":90}},"84":{"start":{"line":167,"column":22},"end":{"line":167,"column":56}},"85":{"start":{"line":168,"column":8},"end":{"line":170,"column":9}},"86":{"start":{"line":169,"column":12},"end":{"line":169,"column":88}},"87":{"start":{"line":172,"column":29},"end":{"line":172,"column":103}},"88":{"start":{"line":174,"column":23},"end":{"line":174,"column":56}},"89":{"start":{"line":175,"column":29},"end":{"line":175,"column":45}},"90":{"start":{"line":176,"column":25},"end":{"line":176,"column":79}},"91":{"start":{"line":178,"column":25},"end":{"line":185,"column":10}},"92":{"start":{"line":187,"column":8},"end":{"line":187,"column":66}},"93":{"start":{"line":188,"column":8},"end":{"line":188,"column":53}},"94":{"start":{"line":190,"column":8},"end":{"line":195,"column":11}},"95":{"start":{"line":197,"column":8},"end":{"line":197,"column":73}},"96":{"start":{"line":202,"column":20},"end":{"line":204,"column":1}},"97":{"start":{"line":203,"column":4},"end":{"line":203,"column":36}},"98":{"start":{"line":206,"column":0},"end":{"line":206,"column":108}}},"fnMap":{"0":{"name":"(anonymous_0)","decl":{"start":{"line":8,"column":20},"end":{"line":8,"column":21}},"loc":{"start":{"line":8,"column":40},"end":{"line":22,"column":1}},"line":8},"1":{"name":"(anonymous_1)","decl":{"start":{"line":26,"column":21},"end":{"line":26,"column":22}},"loc":{"start":{"line":26,"column":41},"end":{"line":40,"column":1}},"line":26},"2":{"name":"(anonymous_2)","decl":{"start":{"line":43,"column":22},"end":{"line":43,"column":23}},"loc":{"start":{"line":43,"column":42},"end":{"line":80,"column":1}},"line":43},"3":{"name":"(anonymous_3)","decl":{"start":{"line":75,"column":40},"end":{"line":75,"column":41}},"loc":{"start":{"line":75,"column":46},"end":{"line":75,"column":84}},"line":75},"4":{"name":"(anonymous_4)","decl":{"start":{"line":83,"column":17},"end":{"line":83,"column":18}},"loc":{"start":{"line":83,"column":37},"end":{"line":123,"column":1}},"line":83},"5":{"name":"(anonymous_5)","decl":{"start":{"line":118,"column":43},"end":{"line":118,"column":44}},"loc":{"start":{"line":118,"column":49},"end":{"line":118,"column":87}},"line":118},"6":{"name":"(anonymous_6)","decl":{"start":{"line":126,"column":19},"end":{"line":126,"column":20}},"loc":{"start":{"line":126,"column":39},"end":{"line":148,"column":1}},"line":126},"7":{"name":"(anonymous_7)","decl":{"start":{"line":151,"column":18},"end":{"line":151,"column":19}},"loc":{"start":{"line":151,"column":38},"end":{"line":199,"column":1}},"line":151},"8":{"name":"(anonymous_8)","decl":{"start":{"line":202,"column":20},"end":{"line":202,"column":21}},"loc":{"start":{"line":202,"column":32},"end":{"line":204,"column":1}},"line":202}},"branchMap":{"0":{"loc":{"start":{"line":32,"column":12},"end":{"line":32,"column":67}},"type":"if","locations":[{"start":{"line":32,"column":12},"end":{"line":32,"column":67}},{"start":{},"end":{}}],"line":32},"1":{"loc":{"start":{"line":49,"column":8},"end":{"line":51,"column":9}},"type":"if","locations":[{"start":{"line":49,"column":8},"end":{"line":51,"column":9}},{"start":{},"end":{}}],"line":49},"2":{"loc":{"start":{"line":60,"column":8},"end":{"line":62,"column":9}},"type":"if","locations":[{"start":{"line":60,"column":8},"end":{"line":62,"column":9}},{"start":{},"end":{}}],"line":60},"3":{"loc":{"start":{"line":68,"column":8},"end":{"line":68,"column":111}},"type":"if","locations":[{"start":{"line":68,"column":8},"end":{"line":68,"column":111}},{"start":{},"end":{}}],"line":68},"4":{"loc":{"start":{"line":69,"column":8},"end":{"line":69,"column":111}},"type":"if","locations":[{"start":{"line":69,"column":8},"end":{"line":69,"column":111}},{"start":{},"end":{}}],"line":69},"5":{"loc":{"start":{"line":90,"column":8},"end":{"line":92,"column":9}},"type":"if","locations":[{"start":{"line":90,"column":8},"end":{"line":92,"column":9}},{"start":{},"end":{}}],"line":90},"6":{"loc":{"start":{"line":96,"column":8},"end":{"line":98,"column":9}},"type":"if","locations":[{"start":{"line":96,"column":8},"end":{"line":98,"column":9}},{"start":{},"end":{}}],"line":96},"7":{"loc":{"start":{"line":102,"column":8},"end":{"line":106,"column":9}},"type":"if","locations":[{"start":{"line":102,"column":8},"end":{"line":106,"column":9}},{"start":{"line":104,"column":15},"end":{"line":106,"column":9}}],"line":102},"8":{"loc":{"start":{"line":104,"column":15},"end":{"line":106,"column":9}},"type":"if","locations":[{"start":{"line":104,"column":15},"end":{"line":106,"column":9}},{"start":{},"end":{}}],"line":104},"9":{"loc":{"start":{"line":108,"column":8},"end":{"line":112,"column":9}},"type":"if","locations":[{"start":{"line":108,"column":8},"end":{"line":112,"column":9}},{"start":{},"end":{}}],"line":108},"10":{"loc":{"start":{"line":132,"column":8},"end":{"line":134,"column":9}},"type":"if","locations":[{"start":{"line":132,"column":8},"end":{"line":134,"column":9}},{"start":{},"end":{}}],"line":132},"11":{"loc":{"start":{"line":142,"column":8},"end":{"line":142,"column":66}},"type":"if","locations":[{"start":{"line":142,"column":8},"end":{"line":142,"column":66}},{"start":{},"end":{}}],"line":142},"12":{"loc":{"start":{"line":156,"column":8},"end":{"line":158,"column":9}},"type":"if","locations":[{"start":{"line":156,"column":8},"end":{"line":158,"column":9}},{"start":{},"end":{}}],"line":156},"13":{"loc":{"start":{"line":156,"column":12},"end":{"line":156,"column":61}},"type":"binary-expr","locations":[{"start":{"line":156,"column":12},"end":{"line":156,"column":17}},{"start":{"line":156,"column":21},"end":{"line":156,"column":45}},{"start":{"line":156,"column":49},"end":{"line":156,"column":61}}],"line":156},"14":{"loc":{"start":{"line":162,"column":8},"end":{"line":164,"column":9}},"type":"if","locations":[{"start":{"line":162,"column":8},"end":{"line":164,"column":9}},{"start":{},"end":{}}],"line":162},"15":{"loc":{"start":{"line":168,"column":8},"end":{"line":170,"column":9}},"type":"if","locations":[{"start":{"line":168,"column":8},"end":{"line":170,"column":9}},{"start":{},"end":{}}],"line":168},"16":{"loc":{"start":{"line":168,"column":12},"end":{"line":168,"column":46}},"type":"binary-expr","locations":[{"start":{"line":168,"column":12},"end":{"line":168,"column":17}},{"start":{"line":168,"column":21},"end":{"line":168,"column":46}}],"line":168}},"s":{"0":3,"1":3,"2":3,"3":3,"4":3,"5":3,"6":0,"7":0,"8":0,"9":0,"10":0,"11":0,"12":0,"13":0,"14":3,"15":1,"16":1,"17":1,"18":1,"19":1,"20":1,"21":1,"22":1,"23":0,"24":3,"25":5,"26":5,"27":5,"28":4,"29":1,"30":3,"31":3,"32":1,"33":2,"34":2,"35":2,"36":0,"37":2,"38":0,"39":2,"40":0,"41":0,"42":3,"43":2,"44":2,"45":2,"46":2,"47":2,"48":0,"49":2,"50":2,"51":1,"52":1,"53":1,"54":0,"55":0,"56":1,"57":1,"58":1,"59":1,"60":1,"61":1,"62":2,"63":0,"64":3,"65":2,"66":2,"67":2,"68":2,"69":0,"70":2,"71":2,"72":2,"73":2,"74":0,"75":3,"76":15,"77":15,"78":15,"79":15,"80":1,"81":14,"82":7,"83":0,"84":7,"85":7,"86":0,"87":7,"88":7,"89":7,"90":7,"91":7,"92":7,"93":7,"94":7,"95":4,"96":3,"97":11,"98":3},"f":{"0":0,"1":1,"2":5,"3":0,"4":2,"5":2,"6":2,"7":15,"8":11},"b":{"0":[1,0],"1":[1,3],"2":[1,2],"3":[0,2],"4":[0,2],"5":[0,2],"6":[1,1],"7":[1,0],"8":[0,0],"9":[1,0],"10":[0,2],"11":[2,0],"12":[1,14],"13":[15,14,14],"14":[0,7],"15":[0,7],"16":[7,7]},"_coverageSchema":"1a1c01bbd47fc00a2c39e90264f33305004495a9","hash":"acae8dc594af7f64319c1815d7040b0a66d1bddb"}
,"D:\\Spring 26 Code\\Software-Design\\backend\\src\\controllers\\serviceController.js": {"path":"D:\\Spring 26 Code\\Software-Design\\backend\\src\\controllers\\serviceController.js","statementMap":{"0":{"start":{"line":1,"column":16},"end":{"line":1,"column":44}},"1":{"start":{"line":2,"column":14},"end":{"line":2,"column":40}},"2":{"start":{"line":5,"column":19},"end":{"line":19,"column":1}},"3":{"start":{"line":6,"column":4},"end":{"line":18,"column":5}},"4":{"start":{"line":7,"column":25},"end":{"line":7,"column":45}},"5":{"start":{"line":8,"column":30},"end":{"line":14,"column":11}},"6":{"start":{"line":8,"column":49},"end":{"line":14,"column":9}},"7":{"start":{"line":15,"column":8},"end":{"line":15,"column":61}},"8":{"start":{"line":17,"column":8},"end":{"line":17,"column":73}},"9":{"start":{"line":22,"column":22},"end":{"line":40,"column":1}},"10":{"start":{"line":23,"column":4},"end":{"line":39,"column":5}},"11":{"start":{"line":24,"column":62},"end":{"line":24,"column":70}},"12":{"start":{"line":27,"column":8},"end":{"line":29,"column":9}},"13":{"start":{"line":28,"column":12},"end":{"line":28,"column":96}},"14":{"start":{"line":31,"column":24},"end":{"line":31,"column":102}},"15":{"start":{"line":34,"column":8},"end":{"line":34,"column":62}},"16":{"start":{"line":36,"column":8},"end":{"line":36,"column":85}},"17":{"start":{"line":38,"column":8},"end":{"line":38,"column":73}},"18":{"start":{"line":43,"column":22},"end":{"line":69,"column":1}},"19":{"start":{"line":44,"column":4},"end":{"line":68,"column":5}},"20":{"start":{"line":45,"column":23},"end":{"line":45,"column":33}},"21":{"start":{"line":46,"column":58},"end":{"line":46,"column":66}},"22":{"start":{"line":49,"column":24},"end":{"line":49,"column":26}},"23":{"start":{"line":50,"column":8},"end":{"line":50,"column":38}},"24":{"start":{"line":50,"column":18},"end":{"line":50,"column":38}},"25":{"start":{"line":51,"column":8},"end":{"line":51,"column":59}},"26":{"start":{"line":51,"column":25},"end":{"line":51,"column":59}},"27":{"start":{"line":52,"column":8},"end":{"line":52,"column":50}},"28":{"start":{"line":52,"column":22},"end":{"line":52,"column":50}},"29":{"start":{"line":53,"column":8},"end":{"line":53,"column":50}},"30":{"start":{"line":53,"column":22},"end":{"line":53,"column":50}},"31":{"start":{"line":55,"column":24},"end":{"line":59,"column":9}},"32":{"start":{"line":61,"column":8},"end":{"line":63,"column":9}},"33":{"start":{"line":62,"column":12},"end":{"line":62,"column":90}},"34":{"start":{"line":65,"column":8},"end":{"line":65,"column":73}},"35":{"start":{"line":67,"column":8},"end":{"line":67,"column":73}},"36":{"start":{"line":71,"column":0},"end":{"line":71,"column":62}}},"fnMap":{"0":{"name":"(anonymous_0)","decl":{"start":{"line":5,"column":19},"end":{"line":5,"column":20}},"loc":{"start":{"line":5,"column":39},"end":{"line":19,"column":1}},"line":5},"1":{"name":"(anonymous_1)","decl":{"start":{"line":8,"column":43},"end":{"line":8,"column":44}},"loc":{"start":{"line":8,"column":49},"end":{"line":14,"column":9}},"line":8},"2":{"name":"(anonymous_2)","decl":{"start":{"line":22,"column":22},"end":{"line":22,"column":23}},"loc":{"start":{"line":22,"column":42},"end":{"line":40,"column":1}},"line":22},"3":{"name":"(anonymous_3)","decl":{"start":{"line":43,"column":22},"end":{"line":43,"column":23}},"loc":{"start":{"line":43,"column":42},"end":{"line":69,"column":1}},"line":43}},"branchMap":{"0":{"loc":{"start":{"line":27,"column":8},"end":{"line":29,"column":9}},"type":"if","locations":[{"start":{"line":27,"column":8},"end":{"line":29,"column":9}},{"start":{},"end":{}}],"line":27},"1":{"loc":{"start":{"line":27,"column":12},"end":{"line":27,"column":37}},"type":"binary-expr","locations":[{"start":{"line":27,"column":12},"end":{"line":27,"column":15}},{"start":{"line":27,"column":19},"end":{"line":27,"column":24}},{"start":{"line":27,"column":28},"end":{"line":27,"column":37}}],"line":27},"2":{"loc":{"start":{"line":50,"column":8},"end":{"line":50,"column":38}},"type":"if","locations":[{"start":{"line":50,"column":8},"end":{"line":50,"column":38}},{"start":{},"end":{}}],"line":50},"3":{"loc":{"start":{"line":51,"column":8},"end":{"line":51,"column":59}},"type":"if","locations":[{"start":{"line":51,"column":8},"end":{"line":51,"column":59}},{"start":{},"end":{}}],"line":51},"4":{"loc":{"start":{"line":52,"column":8},"end":{"line":52,"column":50}},"type":"if","locations":[{"start":{"line":52,"column":8},"end":{"line":52,"column":50}},{"start":{},"end":{}}],"line":52},"5":{"loc":{"start":{"line":53,"column":8},"end":{"line":53,"column":50}},"type":"if","locations":[{"start":{"line":53,"column":8},"end":{"line":53,"column":50}},{"start":{},"end":{}}],"line":53},"6":{"loc":{"start":{"line":61,"column":8},"end":{"line":63,"column":9}},"type":"if","locations":[{"start":{"line":61,"column":8},"end":{"line":63,"column":9}},{"start":{},"end":{}}],"line":61}},"s":{"0":4,"1":4,"2":4,"3":1,"4":1,"5":1,"6":1,"7":1,"8":0,"9":4,"10":14,"11":14,"12":14,"13":1,"14":13,"15":2,"16":2,"17":8,"18":4,"19":2,"20":2,"21":2,"22":2,"23":2,"24":1,"25":2,"26":0,"27":2,"28":1,"29":2,"30":0,"31":2,"32":2,"33":1,"34":1,"35":0,"36":4},"f":{"0":1,"1":1,"2":14,"3":2},"b":{"0":[1,13],"1":[14,13,13],"2":[1,1],"3":[0,2],"4":[1,1],"5":[0,2],"6":[1,1]},"_coverageSchema":"1a1c01bbd47fc00a2c39e90264f33305004495a9","hash":"3b10d41b18ab7529cbbdae7d2032bd5268869a7e"}
,"D:\\Spring 26 Code\\Software-Design\\backend\\src\\models\\queue.js": {"path":"D:\\Spring 26 Code\\Software-Design\\backend\\src\\models\\queue.js","statementMap":{"0":{"start":{"line":1,"column":17},"end":{"line":1,"column":36}},"1":{"start":{"line":3,"column":20},"end":{"line":20,"column":1}},"2":{"start":{"line":22,"column":0},"end":{"line":22,"column":78}}},"fnMap":{},"branchMap":{"0":{"loc":{"start":{"line":22,"column":17},"end":{"line":22,"column":78}},"type":"binary-expr","locations":[{"start":{"line":22,"column":17},"end":{"line":22,"column":38}},{"start":{"line":22,"column":42},"end":{"line":22,"column":78}}],"line":22}},"s":{"0":4,"1":4,"2":4},"f":{},"b":{"0":[4,4]},"_coverageSchema":"1a1c01bbd47fc00a2c39e90264f33305004495a9","hash":"3808a204d976bc39fe4f61659e842539195b336f"}
,"D:\\Spring 26 Code\\Software-Design\\backend\\src\\models\\queueEntry.js": {"path":"D:\\Spring 26 Code\\Software-Design\\backend\\src\\models\\queueEntry.js","statementMap":{"0":{"start":{"line":1,"column":17},"end":{"line":1,"column":36}},"1":{"start":{"line":3,"column":25},"end":{"line":38,"column":2}},"2":{"start":{"line":40,"column":0},"end":{"line":40,"column":64}}},"fnMap":{},"branchMap":{},"s":{"0":3,"1":3,"2":3},"f":{},"b":{},"_coverageSchema":"1a1c01bbd47fc00a2c39e90264f33305004495a9","hash":"473beec244ec70529cb3e03e47baf3508a005067"}
,"D:\\Spring 26 Code\\Software-Design\\backend\\src\\models\\service.js": {"path":"D:\\Spring 26 Code\\Software-Design\\backend\\src\\models\\service.js","statementMap":{"0":{"start":{"line":1,"column":17},"end":{"line":1,"column":36}},"1":{"start":{"line":3,"column":23},"end":{"line":34,"column":1}},"2":{"start":{"line":36,"column":0},"end":{"line":36,"column":84}}},"fnMap":{},"branchMap":{"0":{"loc":{"start":{"line":36,"column":17},"end":{"line":36,"column":84}},"type":"binary-expr","locations":[{"start":{"line":36,"column":17},"end":{"line":36,"column":40}},{"start":{"line":36,"column":44},"end":{"line":36,"column":84}}],"line":36}},"s":{"0":4,"1":4,"2":4},"f":{},"b":{"0":[4,4]},"_coverageSchema":"1a1c01bbd47fc00a2c39e90264f33305004495a9","hash":"f51ea078acb158927da57b179767f5ac44783cf7"}
,"D:\\Spring 26 Code\\Software-Design\\backend\\src\\models\\userCredentials.js": {"path":"D:\\Spring 26 Code\\Software-Design\\backend\\src\\models\\userCredentials.js","statementMap":{"0":{"start":{"line":1,"column":17},"end":{"line":1,"column":36}},"1":{"start":{"line":3,"column":30},"end":{"line":28,"column":1}},"2":{"start":{"line":30,"column":0},"end":{"line":30,"column":109}}},"fnMap":{},"branchMap":{"0":{"loc":{"start":{"line":30,"column":17},"end":{"line":30,"column":108}},"type":"binary-expr","locations":[{"start":{"line":30,"column":17},"end":{"line":30,"column":48}},{"start":{"line":30,"column":52},"end":{"line":30,"column":108}}],"line":30}},"s":{"0":1,"1":1,"2":1},"f":{},"b":{"0":[1,1]},"_coverageSchema":"1a1c01bbd47fc00a2c39e90264f33305004495a9","hash":"75053cb6264adf59e893779a556a86e7f14cde37"}
,"D:\\Spring 26 Code\\Software-Design\\backend\\src\\models\\userProfile.js": {"path":"D:\\Spring 26 Code\\Software-Design\\backend\\src\\models\\userProfile.js","statementMap":{"0":{"start":{"line":1,"column":17},"end":{"line":1,"column":36}},"1":{"start":{"line":3,"column":26},"end":{"line":40,"column":1}},"2":{"start":{"line":42,"column":0},"end":{"line":42,"column":97}}},"fnMap":{},"branchMap":{"0":{"loc":{"start":{"line":42,"column":17},"end":{"line":42,"column":96}},"type":"binary-expr","locations":[{"start":{"line":42,"column":17},"end":{"line":42,"column":44}},{"start":{"line":42,"column":48},"end":{"line":42,"column":96}}],"line":42}},"s":{"0":1,"1":1,"2":1},"f":{},"b":{"0":[1,1]},"_coverageSchema":"1a1c01bbd47fc00a2c39e90264f33305004495a9","hash":"915e198ad5ce3b3c2c56e43e07f1eb8833f025a4"}
,"D:\\Spring 26 Code\\Software-Design\\backend\\src\\routes\\authRoutes.js": {"path":"D:\\Spring 26 Code\\Software-Design\\backend\\src\\routes\\authRoutes.js","statementMap":{"0":{"start":{"line":1,"column":16},"end":{"line":1,"column":34}},"1":{"start":{"line":2,"column":15},"end":{"line":2,"column":31}},"2":{"start":{"line":4,"column":23},"end":{"line":4,"column":66}},"3":{"start":{"line":6,"column":0},"end":{"line":6,"column":50}},"4":{"start":{"line":7,"column":0},"end":{"line":7,"column":44}},"5":{"start":{"line":9,"column":0},"end":{"line":9,"column":24}}},"fnMap":{},"branchMap":{},"s":{"0":1,"1":1,"2":1,"3":1,"4":1,"5":1},"f":{},"b":{},"_coverageSchema":"1a1c01bbd47fc00a2c39e90264f33305004495a9","hash":"73f96d63ec72c0b387ad9b54fd00b98afa85b52b"}
,"D:\\Spring 26 Code\\Software-Design\\backend\\src\\routes\\feedback.js": {"path":"D:\\Spring 26 Code\\Software-Design\\backend\\src\\routes\\feedback.js","statementMap":{"0":{"start":{"line":1,"column":16},"end":{"line":1,"column":34}},"1":{"start":{"line":2,"column":15},"end":{"line":2,"column":31}},"2":{"start":{"line":4,"column":16},"end":{"line":4,"column":18}},"3":{"start":{"line":5,"column":16},"end":{"line":5,"column":17}},"4":{"start":{"line":8,"column":0},"end":{"line":30,"column":3}},"5":{"start":{"line":10,"column":32},"end":{"line":10,"column":40}},"6":{"start":{"line":12,"column":4},"end":{"line":14,"column":5}},"7":{"start":{"line":13,"column":8},"end":{"line":13,"column":81}},"8":{"start":{"line":16,"column":4},"end":{"line":18,"column":5}},"9":{"start":{"line":17,"column":8},"end":{"line":17,"column":67}},"10":{"start":{"line":20,"column":24},"end":{"line":25,"column":5}},"11":{"start":{"line":27,"column":4},"end":{"line":27,"column":32}},"12":{"start":{"line":29,"column":4},"end":{"line":29,"column":38}},"13":{"start":{"line":33,"column":0},"end":{"line":35,"column":3}},"14":{"start":{"line":34,"column":4},"end":{"line":34,"column":24}},"15":{"start":{"line":37,"column":0},"end":{"line":37,"column":24}}},"fnMap":{"0":{"name":"(anonymous_0)","decl":{"start":{"line":8,"column":17},"end":{"line":8,"column":18}},"loc":{"start":{"line":8,"column":31},"end":{"line":30,"column":1}},"line":8},"1":{"name":"(anonymous_1)","decl":{"start":{"line":33,"column":16},"end":{"line":33,"column":17}},"loc":{"start":{"line":33,"column":30},"end":{"line":35,"column":1}},"line":33}},"branchMap":{"0":{"loc":{"start":{"line":12,"column":4},"end":{"line":14,"column":5}},"type":"if","locations":[{"start":{"line":12,"column":4},"end":{"line":14,"column":5}},{"start":{},"end":{}}],"line":12},"1":{"loc":{"start":{"line":12,"column":8},"end":{"line":12,"column":43}},"type":"binary-expr","locations":[{"start":{"line":12,"column":8},"end":{"line":12,"column":15}},{"start":{"line":12,"column":19},"end":{"line":12,"column":29}},{"start":{"line":12,"column":33},"end":{"line":12,"column":43}}],"line":12},"2":{"loc":{"start":{"line":16,"column":4},"end":{"line":18,"column":5}},"type":"if","locations":[{"start":{"line":16,"column":4},"end":{"line":18,"column":5}},{"start":{},"end":{}}],"line":16},"3":{"loc":{"start":{"line":16,"column":8},"end":{"line":16,"column":39}},"type":"binary-expr","locations":[{"start":{"line":16,"column":8},"end":{"line":16,"column":15}},{"start":{"line":16,"column":19},"end":{"line":16,"column":39}}],"line":16},"4":{"loc":{"start":{"line":23,"column":17},"end":{"line":23,"column":30}},"type":"binary-expr","locations":[{"start":{"line":23,"column":17},"end":{"line":23,"column":24}},{"start":{"line":23,"column":28},"end":{"line":23,"column":30}}],"line":23}},"s":{"0":1,"1":1,"2":1,"3":1,"4":1,"5":2,"6":2,"7":1,"8":1,"9":0,"10":1,"11":1,"12":1,"13":1,"14":0,"15":1},"f":{"0":2,"1":0},"b":{"0":[1,1],"1":[2,2,2],"2":[0,1],"3":[1,1],"4":[1,0]},"_coverageSchema":"1a1c01bbd47fc00a2c39e90264f33305004495a9","hash":"3b434c535b9dcb6583f2d803e170a8e784d53b37"}
,"D:\\Spring 26 Code\\Software-Design\\backend\\src\\routes\\historyRoutes.js": {"path":"D:\\Spring 26 Code\\Software-Design\\backend\\src\\routes\\historyRoutes.js","statementMap":{"0":{"start":{"line":1,"column":16},"end":{"line":1,"column":34}},"1":{"start":{"line":2,"column":15},"end":{"line":2,"column":31}},"2":{"start":{"line":4,"column":67},"end":{"line":4,"column":110}},"3":{"start":{"line":7,"column":0},"end":{"line":7,"column":31}},"4":{"start":{"line":10,"column":0},"end":{"line":10,"column":55}},"5":{"start":{"line":13,"column":0},"end":{"line":13,"column":45}},"6":{"start":{"line":15,"column":0},"end":{"line":15,"column":24}}},"fnMap":{},"branchMap":{},"s":{"0":1,"1":1,"2":1,"3":1,"4":1,"5":1,"6":1},"f":{},"b":{},"_coverageSchema":"1a1c01bbd47fc00a2c39e90264f33305004495a9","hash":"ed18f175a830c4f37a458ad7235158b065d9a9ff"}
,"D:\\Spring 26 Code\\Software-Design\\backend\\src\\routes\\notificationRoutes.js": {"path":"D:\\Spring 26 Code\\Software-Design\\backend\\src\\routes\\notificationRoutes.js","statementMap":{"0":{"start":{"line":1,"column":16},"end":{"line":1,"column":34}},"1":{"start":{"line":2,"column":15},"end":{"line":2,"column":31}},"2":{"start":{"line":4,"column":58},"end":{"line":4,"column":106}},"3":{"start":{"line":7,"column":0},"end":{"line":7,"column":37}},"4":{"start":{"line":10,"column":0},"end":{"line":10,"column":51}},"5":{"start":{"line":12,"column":0},"end":{"line":12,"column":24}}},"fnMap":{},"branchMap":{},"s":{"0":1,"1":1,"2":1,"3":1,"4":1,"5":1},"f":{},"b":{},"_coverageSchema":"1a1c01bbd47fc00a2c39e90264f33305004495a9","hash":"ea87c1961c5c969713a03c8c06cd617ad5095974"}
,"D:\\Spring 26 Code\\Software-Design\\backend\\src\\routes\\queueRoutes.js": {"path":"D:\\Spring 26 Code\\Software-Design\\backend\\src\\routes\\queueRoutes.js","statementMap":{"0":{"start":{"line":2,"column":16},"end":{"line":2,"column":34}},"1":{"start":{"line":3,"column":15},"end":{"line":3,"column":31}},"2":{"start":{"line":6,"column":86},"end":{"line":6,"column":127}},"3":{"start":{"line":10,"column":0},"end":{"line":10,"column":38}},"4":{"start":{"line":13,"column":0},"end":{"line":13,"column":30}},"5":{"start":{"line":16,"column":0},"end":{"line":16,"column":48}},"6":{"start":{"line":19,"column":0},"end":{"line":19,"column":53}},"7":{"start":{"line":22,"column":0},"end":{"line":22,"column":51}},"8":{"start":{"line":25,"column":0},"end":{"line":25,"column":43}},"9":{"start":{"line":27,"column":0},"end":{"line":27,"column":24}}},"fnMap":{},"branchMap":{},"s":{"0":3,"1":3,"2":3,"3":3,"4":3,"5":3,"6":3,"7":3,"8":3,"9":3},"f":{},"b":{},"_coverageSchema":"1a1c01bbd47fc00a2c39e90264f33305004495a9","hash":"d596ffa15cb95a2607e37270efabdd59dbbbb257"}
,"D:\\Spring 26 Code\\Software-Design\\backend\\src\\routes\\serviceRoutes.js": {"path":"D:\\Spring 26 Code\\Software-Design\\backend\\src\\routes\\serviceRoutes.js","statementMap":{"0":{"start":{"line":2,"column":16},"end":{"line":2,"column":34}},"1":{"start":{"line":3,"column":15},"end":{"line":3,"column":31}},"2":{"start":{"line":6,"column":53},"end":{"line":6,"column":96}},"3":{"start":{"line":9,"column":0},"end":{"line":9,"column":28}},"4":{"start":{"line":12,"column":0},"end":{"line":12,"column":32}},"5":{"start":{"line":15,"column":0},"end":{"line":15,"column":34}},"6":{"start":{"line":17,"column":0},"end":{"line":17,"column":24}}},"fnMap":{},"branchMap":{},"s":{"0":4,"1":4,"2":4,"3":4,"4":4,"5":4,"6":4},"f":{},"b":{},"_coverageSchema":"1a1c01bbd47fc00a2c39e90264f33305004495a9","hash":"53afc017078424a9431d6014ffe08ac946afca46"}
}
