{"D:\\School\\COSC4353\\backend\\src\\controllers\\authController.js": {"path":"D:\\School\\COSC4353\\backend\\src\\controllers\\authController.js","statementMap":{"0":{"start":{"line":1,"column":15},"end":{"line":1,"column":34}},"1":{"start":{"line":2,"column":12},"end":{"line":2,"column":35}},"2":{"start":{"line":3,"column":24},"end":{"line":3,"column":63}},"3":{"start":{"line":4,"column":20},"end":{"line":4,"column":55}},"4":{"start":{"line":5,"column":25},"end":{"line":5,"column":67}},"5":{"start":{"line":7,"column":28},"end":{"line":7,"column":29}},"6":{"start":{"line":8,"column":24},"end":{"line":8,"column":25}},"7":{"start":{"line":9,"column":24},"end":{"line":9,"column":26}},"8":{"start":{"line":10,"column":25},"end":{"line":10,"column":28}},"9":{"start":{"line":12,"column":25},"end":{"line":12,"column":88}},"10":{"start":{"line":12,"column":36},"end":{"line":12,"column":88}},"11":{"start":{"line":14,"column":0},"end":{"line":110,"column":2}},"12":{"start":{"line":15,"column":51},"end":{"line":15,"column":59}},"13":{"start":{"line":17,"column":2},"end":{"line":21,"column":3}},"14":{"start":{"line":18,"column":4},"end":{"line":20,"column":7}},"15":{"start":{"line":23,"column":27},"end":{"line":23,"column":43}},"16":{"start":{"line":24,"column":26},"end":{"line":24,"column":41}},"17":{"start":{"line":25,"column":26},"end":{"line":25,"column":52}},"18":{"start":{"line":27,"column":2},"end":{"line":31,"column":3}},"19":{"start":{"line":28,"column":4},"end":{"line":30,"column":7}},"20":{"start":{"line":33,"column":2},"end":{"line":37,"column":3}},"21":{"start":{"line":34,"column":4},"end":{"line":36,"column":7}},"22":{"start":{"line":39,"column":2},"end":{"line":43,"column":3}},"23":{"start":{"line":40,"column":4},"end":{"line":42,"column":7}},"24":{"start":{"line":45,"column":2},"end":{"line":49,"column":3}},"25":{"start":{"line":46,"column":4},"end":{"line":48,"column":7}},"26":{"start":{"line":51,"column":21},"end":{"line":51,"column":49}},"27":{"start":{"line":52,"column":2},"end":{"line":56,"column":3}},"28":{"start":{"line":53,"column":4},"end":{"line":55,"column":7}},"29":{"start":{"line":58,"column":29},"end":{"line":58,"column":86}},"30":{"start":{"line":60,"column":2},"end":{"line":64,"column":3}},"31":{"start":{"line":61,"column":4},"end":{"line":63,"column":7}},"32":{"start":{"line":66,"column":23},"end":{"line":66,"column":54}},"33":{"start":{"line":67,"column":19},"end":{"line":67,"column":23}},"34":{"start":{"line":69,"column":2},"end":{"line":109,"column":3}},"35":{"start":{"line":70,"column":4},"end":{"line":74,"column":7}},"36":{"start":{"line":76,"column":21},"end":{"line":76,"column":61}},"37":{"start":{"line":77,"column":4},"end":{"line":83,"column":7}},"38":{"start":{"line":85,"column":4},"end":{"line":93,"column":7}},"39":{"start":{"line":95,"column":4},"end":{"line":98,"column":5}},"40":{"start":{"line":96,"column":6},"end":{"line":96,"column":79}},"41":{"start":{"line":97,"column":6},"end":{"line":97,"column":84}},"42":{"start":{"line":100,"column":4},"end":{"line":104,"column":5}},"43":{"start":{"line":101,"column":6},"end":{"line":103,"column":9}},"44":{"start":{"line":106,"column":4},"end":{"line":108,"column":7}},"45":{"start":{"line":112,"column":0},"end":{"line":153,"column":2}},"46":{"start":{"line":113,"column":30},"end":{"line":113,"column":38}},"47":{"start":{"line":115,"column":2},"end":{"line":119,"column":3}},"48":{"start":{"line":116,"column":4},"end":{"line":118,"column":7}},"49":{"start":{"line":121,"column":26},"end":{"line":121,"column":52}},"50":{"start":{"line":122,"column":15},"end":{"line":122,"column":72}},"51":{"start":{"line":124,"column":2},"end":{"line":128,"column":3}},"52":{"start":{"line":125,"column":4},"end":{"line":127,"column":7}},"53":{"start":{"line":130,"column":26},"end":{"line":130,"column":75}},"54":{"start":{"line":132,"column":2},"end":{"line":136,"column":3}},"55":{"start":{"line":133,"column":4},"end":{"line":135,"column":7}},"56":{"start":{"line":138,"column":16},"end":{"line":146,"column":3}},"57":{"start":{"line":148,"column":2},"end":{"line":152,"column":5}}},"fnMap":{"0":{"name":"(anonymous_0)","decl":{"start":{"line":12,"column":25},"end":{"line":12,"column":26}},"loc":{"start":{"line":12,"column":36},"end":{"line":12,"column":88}},"line":12},"1":{"name":"(anonymous_1)","decl":{"start":{"line":14,"column":19},"end":{"line":14,"column":20}},"loc":{"start":{"line":14,"column":39},"end":{"line":110,"column":1}},"line":14},"2":{"name":"(anonymous_2)","decl":{"start":{"line":96,"column":69},"end":{"line":96,"column":70}},"loc":{"start":{"line":96,"column":75},"end":{"line":96,"column":77}},"line":96},"3":{"name":"(anonymous_3)","decl":{"start":{"line":97,"column":74},"end":{"line":97,"column":75}},"loc":{"start":{"line":97,"column":80},"end":{"line":97,"column":82}},"line":97},"4":{"name":"(anonymous_4)","decl":{"start":{"line":112,"column":16},"end":{"line":112,"column":17}},"loc":{"start":{"line":112,"column":36},"end":{"line":153,"column":1}},"line":112}},"branchMap":{"0":{"loc":{"start":{"line":12,"column":36},"end":{"line":12,"column":88}},"type":"binary-expr","locations":[{"start":{"line":12,"column":36},"end":{"line":12,"column":61}},{"start":{"line":12,"column":65},"end":{"line":12,"column":88}}],"line":12},"1":{"loc":{"start":{"line":17,"column":2},"end":{"line":21,"column":3}},"type":"if","locations":[{"start":{"line":17,"column":2},"end":{"line":21,"column":3}},{"start":{},"end":{}}],"line":17},"2":{"loc":{"start":{"line":17,"column":6},"end":{"line":17,"column":124}},"type":"binary-expr","locations":[{"start":{"line":17,"column":6},"end":{"line":17,"column":34}},{"start":{"line":17,"column":38},"end":{"line":17,"column":65}},{"start":{"line":17,"column":69},"end":{"line":17,"column":93}},{"start":{"line":17,"column":97},"end":{"line":17,"column":124}}],"line":17},"3":{"loc":{"start":{"line":27,"column":2},"end":{"line":31,"column":3}},"type":"if","locations":[{"start":{"line":27,"column":2},"end":{"line":31,"column":3}},{"start":{},"end":{}}],"line":27},"4":{"loc":{"start":{"line":27,"column":6},"end":{"line":27,"column":92}},"type":"binary-expr","locations":[{"start":{"line":27,"column":6},"end":{"line":27,"column":47}},{"start":{"line":27,"column":51},"end":{"line":27,"column":92}}],"line":27},"5":{"loc":{"start":{"line":33,"column":2},"end":{"line":37,"column":3}},"type":"if","locations":[{"start":{"line":33,"column":2},"end":{"line":37,"column":3}},{"start":{},"end":{}}],"line":33},"6":{"loc":{"start":{"line":33,"column":6},"end":{"line":33,"column":90}},"type":"binary-expr","locations":[{"start":{"line":33,"column":6},"end":{"line":33,"column":46}},{"start":{"line":33,"column":50},"end":{"line":33,"column":90}}],"line":33},"7":{"loc":{"start":{"line":39,"column":2},"end":{"line":43,"column":3}},"type":"if","locations":[{"start":{"line":39,"column":2},"end":{"line":43,"column":3}},{"start":{},"end":{}}],"line":39},"8":{"loc":{"start":{"line":45,"column":2},"end":{"line":49,"column":3}},"type":"if","locations":[{"start":{"line":45,"column":2},"end":{"line":49,"column":3}},{"start":{},"end":{}}],"line":45},"9":{"loc":{"start":{"line":52,"column":2},"end":{"line":56,"column":3}},"type":"if","locations":[{"start":{"line":52,"column":2},"end":{"line":56,"column":3}},{"start":{},"end":{}}],"line":52},"10":{"loc":{"start":{"line":60,"column":2},"end":{"line":64,"column":3}},"type":"if","locations":[{"start":{"line":60,"column":2},"end":{"line":64,"column":3}},{"start":{},"end":{}}],"line":60},"11":{"loc":{"start":{"line":95,"column":4},"end":{"line":98,"column":5}},"type":"if","locations":[{"start":{"line":95,"column":4},"end":{"line":98,"column":5}},{"start":{},"end":{}}],"line":95},"12":{"loc":{"start":{"line":100,"column":4},"end":{"line":104,"column":5}},"type":"if","locations":[{"start":{"line":100,"column":4},"end":{"line":104,"column":5}},{"start":{},"end":{}}],"line":100},"13":{"loc":{"start":{"line":115,"column":2},"end":{"line":119,"column":3}},"type":"if","locations":[{"start":{"line":115,"column":2},"end":{"line":119,"column":3}},{"start":{},"end":{}}],"line":115},"14":{"loc":{"start":{"line":115,"column":6},"end":{"line":115,"column":61}},"type":"binary-expr","locations":[{"start":{"line":115,"column":6},"end":{"line":115,"column":30}},{"start":{"line":115,"column":34},"end":{"line":115,"column":61}}],"line":115},"15":{"loc":{"start":{"line":124,"column":2},"end":{"line":128,"column":3}},"type":"if","locations":[{"start":{"line":124,"column":2},"end":{"line":128,"column":3}},{"start":{},"end":{}}],"line":124},"16":{"loc":{"start":{"line":132,"column":2},"end":{"line":136,"column":3}},"type":"if","locations":[{"start":{"line":132,"column":2},"end":{"line":136,"column":3}},{"start":{},"end":{}}],"line":132}},"s":{"0":1,"1":1,"2":1,"3":1,"4":1,"5":1,"6":1,"7":1,"8":1,"9":1,"10":44,"11":1,"12":10,"13":10,"14":1,"15":9,"16":9,"17":9,"18":9,"19":1,"20":8,"21":0,"22":8,"23":1,"24":7,"25":1,"26":6,"27":6,"28":1,"29":5,"30":5,"31":1,"32":4,"33":4,"34":4,"35":4,"36":3,"37":3,"38":2,"39":2,"40":1,"41":1,"42":2,"43":1,"44":1,"45":1,"46":3,"47":3,"48":1,"49":2,"50":2,"51":2,"52":1,"53":1,"54":1,"55":0,"56":1,"57":1},"f":{"0":44,"1":10,"2":0,"3":0,"4":3},"b":{"0":[44,42],"1":[1,9],"2":[10,10,9,9],"3":[1,8],"4":[9,8],"5":[0,8],"6":[8,8],"7":[1,7],"8":[1,6],"9":[1,5],"10":[1,4],"11":[1,1],"12":[1,1],"13":[1,2],"14":[3,3],"15":[1,1],"16":[0,1]},"_coverageSchema":"1a1c01bbd47fc00a2c39e90264f33305004495a9","hash":"832730cf431bddec364926171938fa7fd051d169"}
,"D:\\School\\COSC4353\\backend\\src\\controllers\\historyController.js": {"path":"D:\\School\\COSC4353\\backend\\src\\controllers\\historyController.js","statementMap":{"0":{"start":{"line":1,"column":16},"end":{"line":1,"column":44}},"1":{"start":{"line":4,"column":19},"end":{"line":14,"column":1}},"2":{"start":{"line":5,"column":18},"end":{"line":11,"column":6}},"3":{"start":{"line":12,"column":4},"end":{"line":12,"column":105}},"4":{"start":{"line":13,"column":4},"end":{"line":13,"column":17}},"5":{"start":{"line":17,"column":21},"end":{"line":27,"column":1}},"6":{"start":{"line":18,"column":18},"end":{"line":24,"column":6}},"7":{"start":{"line":25,"column":4},"end":{"line":25,"column":112}},"8":{"start":{"line":26,"column":4},"end":{"line":26,"column":17}},"9":{"start":{"line":30,"column":22},"end":{"line":40,"column":1}},"10":{"start":{"line":31,"column":18},"end":{"line":37,"column":6}},"11":{"start":{"line":38,"column":4},"end":{"line":38,"column":115}},"12":{"start":{"line":39,"column":4},"end":{"line":39,"column":17}},"13":{"start":{"line":43,"column":22},"end":{"line":48,"column":1}},"14":{"start":{"line":44,"column":18},"end":{"line":44,"column":48}},"15":{"start":{"line":45,"column":18},"end":{"line":45,"column":56}},"16":{"start":{"line":46,"column":20},"end":{"line":46,"column":70}},"17":{"start":{"line":47,"column":4},"end":{"line":47,"column":41}},"18":{"start":{"line":51,"column":27},"end":{"line":55,"column":1}},"19":{"start":{"line":52,"column":25},"end":{"line":52,"column":35}},"20":{"start":{"line":53,"column":20},"end":{"line":53,"column":75}},"21":{"start":{"line":54,"column":4},"end":{"line":54,"column":41}},"22":{"start":{"line":58,"column":28},"end":{"line":62,"column":1}},"23":{"start":{"line":59,"column":26},"end":{"line":59,"column":36}},"24":{"start":{"line":60,"column":20},"end":{"line":60,"column":77}},"25":{"start":{"line":61,"column":4},"end":{"line":61,"column":41}},"26":{"start":{"line":65,"column":22},"end":{"line":103,"column":1}},"27":{"start":{"line":66,"column":4},"end":{"line":102,"column":5}},"28":{"start":{"line":67,"column":24},"end":{"line":67,"column":68}},"29":{"start":{"line":70,"column":25},"end":{"line":70,"column":27}},"30":{"start":{"line":71,"column":8},"end":{"line":76,"column":9}},"31":{"start":{"line":72,"column":12},"end":{"line":74,"column":13}},"32":{"start":{"line":73,"column":16},"end":{"line":73,"column":96}},"33":{"start":{"line":75,"column":12},"end":{"line":75,"column":53}},"34":{"start":{"line":79,"column":30},"end":{"line":79,"column":71}},"35":{"start":{"line":79,"column":50},"end":{"line":79,"column":70}},"36":{"start":{"line":80,"column":30},"end":{"line":80,"column":71}},"37":{"start":{"line":80,"column":50},"end":{"line":80,"column":70}},"38":{"start":{"line":81,"column":8},"end":{"line":87,"column":9}},"39":{"start":{"line":82,"column":25},"end":{"line":82,"column":116}},"40":{"start":{"line":82,"column":49},"end":{"line":82,"column":115}},"41":{"start":{"line":83,"column":12},"end":{"line":86,"column":13}},"42":{"start":{"line":84,"column":36},"end":{"line":84,"column":99}},"43":{"start":{"line":85,"column":16},"end":{"line":85,"column":71}},"44":{"start":{"line":89,"column":22},"end":{"line":97,"column":11}},"45":{"start":{"line":89,"column":72},"end":{"line":97,"column":9}},"46":{"start":{"line":95,"column":58},"end":{"line":95,"column":63}},"47":{"start":{"line":99,"column":8},"end":{"line":99,"column":52}},"48":{"start":{"line":101,"column":8},"end":{"line":101,"column":73}},"49":{"start":{"line":106,"column":21},"end":{"line":108,"column":1}},"50":{"start":{"line":107,"column":4},"end":{"line":107,"column":33}},"51":{"start":{"line":110,"column":0},"end":{"line":119,"column":2}}},"fnMap":{"0":{"name":"(anonymous_0)","decl":{"start":{"line":4,"column":19},"end":{"line":4,"column":20}},"loc":{"start":{"line":4,"column":56},"end":{"line":14,"column":1}},"line":4},"1":{"name":"(anonymous_1)","decl":{"start":{"line":17,"column":21},"end":{"line":17,"column":22}},"loc":{"start":{"line":17,"column":58},"end":{"line":27,"column":1}},"line":17},"2":{"name":"(anonymous_2)","decl":{"start":{"line":30,"column":22},"end":{"line":30,"column":23}},"loc":{"start":{"line":30,"column":59},"end":{"line":40,"column":1}},"line":30},"3":{"name":"(anonymous_3)","decl":{"start":{"line":43,"column":22},"end":{"line":43,"column":23}},"loc":{"start":{"line":43,"column":42},"end":{"line":48,"column":1}},"line":43},"4":{"name":"(anonymous_4)","decl":{"start":{"line":51,"column":27},"end":{"line":51,"column":28}},"loc":{"start":{"line":51,"column":47},"end":{"line":55,"column":1}},"line":51},"5":{"name":"(anonymous_5)","decl":{"start":{"line":58,"column":28},"end":{"line":58,"column":29}},"loc":{"start":{"line":58,"column":48},"end":{"line":62,"column":1}},"line":58},"6":{"name":"(anonymous_6)","decl":{"start":{"line":65,"column":22},"end":{"line":65,"column":23}},"loc":{"start":{"line":65,"column":42},"end":{"line":103,"column":1}},"line":65},"7":{"name":"(anonymous_7)","decl":{"start":{"line":79,"column":45},"end":{"line":79,"column":46}},"loc":{"start":{"line":79,"column":50},"end":{"line":79,"column":70}},"line":79},"8":{"name":"(anonymous_8)","decl":{"start":{"line":80,"column":45},"end":{"line":80,"column":46}},"loc":{"start":{"line":80,"column":50},"end":{"line":80,"column":70}},"line":80},"9":{"name":"(anonymous_9)","decl":{"start":{"line":82,"column":44},"end":{"line":82,"column":45}},"loc":{"start":{"line":82,"column":49},"end":{"line":82,"column":115}},"line":82},"10":{"name":"(anonymous_10)","decl":{"start":{"line":89,"column":51},"end":{"line":89,"column":52}},"loc":{"start":{"line":89,"column":72},"end":{"line":97,"column":9}},"line":89},"11":{"name":"(anonymous_11)","decl":{"start":{"line":95,"column":48},"end":{"line":95,"column":49}},"loc":{"start":{"line":95,"column":58},"end":{"line":95,"column":63}},"line":95},"12":{"name":"(anonymous_12)","decl":{"start":{"line":106,"column":21},"end":{"line":106,"column":22}},"loc":{"start":{"line":106,"column":33},"end":{"line":108,"column":1}},"line":106}},"branchMap":{"0":{"loc":{"start":{"line":12,"column":29},"end":{"line":12,"column":101}},"type":"binary-expr","locations":[{"start":{"line":12,"column":29},"end":{"line":12,"column":43}},{"start":{"line":12,"column":47},"end":{"line":12,"column":101}}],"line":12},"1":{"loc":{"start":{"line":25,"column":29},"end":{"line":25,"column":108}},"type":"binary-expr","locations":[{"start":{"line":25,"column":29},"end":{"line":25,"column":43}},{"start":{"line":25,"column":47},"end":{"line":25,"column":108}}],"line":25},"2":{"loc":{"start":{"line":38,"column":29},"end":{"line":38,"column":111}},"type":"binary-expr","locations":[{"start":{"line":38,"column":29},"end":{"line":38,"column":43}},{"start":{"line":38,"column":47},"end":{"line":38,"column":111}}],"line":38},"3":{"loc":{"start":{"line":44,"column":18},"end":{"line":44,"column":48}},"type":"binary-expr","locations":[{"start":{"line":44,"column":18},"end":{"line":44,"column":43}},{"start":{"line":44,"column":47},"end":{"line":44,"column":48}}],"line":44},"4":{"loc":{"start":{"line":46,"column":20},"end":{"line":46,"column":70}},"type":"cond-expr","locations":[{"start":{"line":46,"column":32},"end":{"line":46,"column":56}},{"start":{"line":46,"column":59},"end":{"line":46,"column":70}}],"line":46},"5":{"loc":{"start":{"line":72,"column":12},"end":{"line":74,"column":13}},"type":"if","locations":[{"start":{"line":72,"column":12},"end":{"line":74,"column":13}},{"start":{},"end":{}}],"line":72},"6":{"loc":{"start":{"line":82,"column":49},"end":{"line":82,"column":115}},"type":"binary-expr","locations":[{"start":{"line":82,"column":49},"end":{"line":82,"column":79}},{"start":{"line":82,"column":83},"end":{"line":82,"column":115}}],"line":82},"7":{"loc":{"start":{"line":83,"column":12},"end":{"line":86,"column":13}},"type":"if","locations":[{"start":{"line":83,"column":12},"end":{"line":86,"column":13}},{"start":{},"end":{}}],"line":83},"8":{"loc":{"start":{"line":94,"column":28},"end":{"line":96,"column":22}},"type":"cond-expr","locations":[{"start":{"line":95,"column":18},"end":{"line":95,"column":89}},{"start":{"line":96,"column":18},"end":{"line":96,"column":22}}],"line":94}},"s":{"0":1,"1":1,"2":1,"3":1,"4":1,"5":1,"6":1,"7":1,"8":1,"9":1,"10":1,"11":1,"12":1,"13":1,"14":1,"15":1,"16":1,"17":1,"18":1,"19":2,"20":2,"21":2,"22":1,"23":1,"24":1,"25":1,"26":1,"27":3,"28":3,"29":2,"30":2,"31":4,"32":1,"33":4,"34":2,"35":4,"36":2,"37":4,"38":2,"39":1,"40":1,"41":1,"42":1,"43":1,"44":2,"45":1,"46":1,"47":2,"48":1,"49":1,"50":0,"51":1},"f":{"0":1,"1":1,"2":1,"3":1,"4":2,"5":1,"6":3,"7":4,"8":4,"9":1,"10":1,"11":1,"12":0},"b":{"0":[1,1],"1":[1,1],"2":[1,1],"3":[1,1],"4":[0,1],"5":[1,3],"6":[1,1],"7":[1,0],"8":[1,0]},"_coverageSchema":"1a1c01bbd47fc00a2c39e90264f33305004495a9","hash":"4f34d9e071c4af81257e5741c37464e10abe137f"}
,"D:\\School\\COSC4353\\backend\\src\\controllers\\notificationController.js": {"path":"D:\\School\\COSC4353\\backend\\src\\controllers\\notificationController.js","statementMap":{"0":{"start":{"line":1,"column":21},"end":{"line":1,"column":54}},"1":{"start":{"line":2,"column":19},"end":{"line":2,"column":50}},"2":{"start":{"line":5,"column":32},"end":{"line":16,"column":1}},"3":{"start":{"line":6,"column":25},"end":{"line":13,"column":6}},"4":{"start":{"line":14,"column":4},"end":{"line":14,"column":58}},"5":{"start":{"line":15,"column":4},"end":{"line":15,"column":24}},"6":{"start":{"line":19,"column":37},"end":{"line":30,"column":1}},"7":{"start":{"line":20,"column":25},"end":{"line":27,"column":6}},"8":{"start":{"line":28,"column":4},"end":{"line":28,"column":58}},"9":{"start":{"line":29,"column":4},"end":{"line":29,"column":24}},"10":{"start":{"line":33,"column":28},"end":{"line":36,"column":1}},"11":{"start":{"line":34,"column":26},"end":{"line":34,"column":75}},"12":{"start":{"line":35,"column":4},"end":{"line":35,"column":47}},"13":{"start":{"line":39,"column":33},"end":{"line":43,"column":1}},"14":{"start":{"line":40,"column":25},"end":{"line":40,"column":35}},"15":{"start":{"line":41,"column":26},"end":{"line":41,"column":86}},"16":{"start":{"line":42,"column":4},"end":{"line":42,"column":47}},"17":{"start":{"line":46,"column":21},"end":{"line":57,"column":1}},"18":{"start":{"line":47,"column":19},"end":{"line":47,"column":29}},"19":{"start":{"line":48,"column":25},"end":{"line":52,"column":5}},"20":{"start":{"line":53,"column":4},"end":{"line":55,"column":5}},"21":{"start":{"line":54,"column":8},"end":{"line":54,"column":91}},"22":{"start":{"line":56,"column":4},"end":{"line":56,"column":46}},"23":{"start":{"line":60,"column":30},"end":{"line":91,"column":1}},"24":{"start":{"line":61,"column":4},"end":{"line":90,"column":5}},"25":{"start":{"line":62,"column":39},"end":{"line":62,"column":47}},"26":{"start":{"line":64,"column":8},"end":{"line":66,"column":9}},"27":{"start":{"line":65,"column":12},"end":{"line":65,"column":108}},"28":{"start":{"line":68,"column":24},"end":{"line":68,"column":88}},"29":{"start":{"line":69,"column":8},"end":{"line":71,"column":9}},"30":{"start":{"line":70,"column":12},"end":{"line":70,"column":105}},"31":{"start":{"line":73,"column":30},"end":{"line":73,"column":32}},"32":{"start":{"line":74,"column":8},"end":{"line":85,"column":9}},"33":{"start":{"line":75,"column":33},"end":{"line":82,"column":14}},"34":{"start":{"line":83,"column":12},"end":{"line":83,"column":103}},"35":{"start":{"line":84,"column":12},"end":{"line":84,"column":45}},"36":{"start":{"line":87,"column":8},"end":{"line":87,"column":116}},"37":{"start":{"line":89,"column":8},"end":{"line":89,"column":73}},"38":{"start":{"line":94,"column":27},"end":{"line":96,"column":1}},"39":{"start":{"line":95,"column":4},"end":{"line":95,"column":38}},"40":{"start":{"line":98,"column":0},"end":{"line":106,"column":2}}},"fnMap":{"0":{"name":"(anonymous_0)","decl":{"start":{"line":5,"column":32},"end":{"line":5,"column":33}},"loc":{"start":{"line":5,"column":69},"end":{"line":16,"column":1}},"line":5},"1":{"name":"(anonymous_1)","decl":{"start":{"line":19,"column":37},"end":{"line":19,"column":38}},"loc":{"start":{"line":19,"column":84},"end":{"line":30,"column":1}},"line":19},"2":{"name":"(anonymous_2)","decl":{"start":{"line":33,"column":28},"end":{"line":33,"column":29}},"loc":{"start":{"line":33,"column":48},"end":{"line":36,"column":1}},"line":33},"3":{"name":"(anonymous_3)","decl":{"start":{"line":39,"column":33},"end":{"line":39,"column":34}},"loc":{"start":{"line":39,"column":53},"end":{"line":43,"column":1}},"line":39},"4":{"name":"(anonymous_4)","decl":{"start":{"line":46,"column":21},"end":{"line":46,"column":22}},"loc":{"start":{"line":46,"column":41},"end":{"line":57,"column":1}},"line":46},"5":{"name":"(anonymous_5)","decl":{"start":{"line":60,"column":30},"end":{"line":60,"column":31}},"loc":{"start":{"line":60,"column":50},"end":{"line":91,"column":1}},"line":60},"6":{"name":"(anonymous_6)","decl":{"start":{"line":94,"column":27},"end":{"line":94,"column":28}},"loc":{"start":{"line":94,"column":39},"end":{"line":96,"column":1}},"line":94}},"branchMap":{"0":{"loc":{"start":{"line":53,"column":4},"end":{"line":55,"column":5}},"type":"if","locations":[{"start":{"line":53,"column":4},"end":{"line":55,"column":5}},{"start":{},"end":{}}],"line":53},"1":{"loc":{"start":{"line":64,"column":8},"end":{"line":66,"column":9}},"type":"if","locations":[{"start":{"line":64,"column":8},"end":{"line":66,"column":9}},{"start":{},"end":{}}],"line":64},"2":{"loc":{"start":{"line":64,"column":12},"end":{"line":64,"column":53}},"type":"binary-expr","locations":[{"start":{"line":64,"column":12},"end":{"line":64,"column":22}},{"start":{"line":64,"column":26},"end":{"line":64,"column":34}},{"start":{"line":64,"column":38},"end":{"line":64,"column":53}}],"line":64},"3":{"loc":{"start":{"line":69,"column":8},"end":{"line":71,"column":9}},"type":"if","locations":[{"start":{"line":69,"column":8},"end":{"line":71,"column":9}},{"start":{},"end":{}}],"line":69}},"s":{"0":1,"1":1,"2":1,"3":1,"4":1,"5":1,"6":1,"7":1,"8":1,"9":1,"10":1,"11":1,"12":1,"13":1,"14":2,"15":2,"16":2,"17":1,"18":2,"19":2,"20":2,"21":1,"22":1,"23":1,"24":3,"25":3,"26":3,"27":1,"28":2,"29":2,"30":1,"31":1,"32":1,"33":2,"34":2,"35":2,"36":1,"37":0,"38":1,"39":0,"40":1},"f":{"0":1,"1":1,"2":1,"3":2,"4":2,"5":3,"6":0},"b":{"0":[1,1],"1":[1,2],"2":[3,3,2],"3":[1,1]},"_coverageSchema":"1a1c01bbd47fc00a2c39e90264f33305004495a9","hash":"edf8e5c6e217130aab603ed54223110255661e48"}
,"D:\\School\\COSC4353\\backend\\src\\controllers\\queueController.js": {"path":"D:\\School\\COSC4353\\backend\\src\\controllers\\queueController.js","statementMap":{"0":{"start":{"line":1,"column":16},"end":{"line":1,"column":44}},"1":{"start":{"line":2,"column":14},"end":{"line":2,"column":40}},"2":{"start":{"line":3,"column":19},"end":{"line":3,"column":50}},"3":{"start":{"line":4,"column":66},"end":{"line":4,"column":101}},"4":{"start":{"line":5,"column":52},"end":{"line":5,"column":82}},"5":{"start":{"line":7,"column":23},"end":{"line":7,"column":53}},"6":{"start":{"line":8,"column":25},"end":{"line":8,"column":72}},"7":{"start":{"line":10,"column":30},"end":{"line":10,"column":82}},"8":{"start":{"line":10,"column":43},"end":{"line":10,"column":82}},"9":{"start":{"line":12,"column":24},"end":{"line":23,"column":1}},"10":{"start":{"line":13,"column":20},"end":{"line":13,"column":76}},"11":{"start":{"line":14,"column":4},"end":{"line":16,"column":5}},"12":{"start":{"line":15,"column":8},"end":{"line":15,"column":69}},"13":{"start":{"line":18,"column":4},"end":{"line":20,"column":5}},"14":{"start":{"line":19,"column":8},"end":{"line":19,"column":63}},"15":{"start":{"line":22,"column":4},"end":{"line":22,"column":45}},"16":{"start":{"line":25,"column":21},"end":{"line":39,"column":1}},"17":{"start":{"line":26,"column":20},"end":{"line":26,"column":105}},"18":{"start":{"line":27,"column":4},"end":{"line":32,"column":7}},"19":{"start":{"line":28,"column":19},"end":{"line":28,"column":50}},"20":{"start":{"line":29,"column":19},"end":{"line":29,"column":50}},"21":{"start":{"line":30,"column":8},"end":{"line":30,"column":38}},"22":{"start":{"line":30,"column":23},"end":{"line":30,"column":38}},"23":{"start":{"line":31,"column":8},"end":{"line":31,"column":59}},"24":{"start":{"line":34,"column":4},"end":{"line":36,"column":5}},"25":{"start":{"line":34,"column":17},"end":{"line":34,"column":18}},"26":{"start":{"line":35,"column":8},"end":{"line":35,"column":80}},"27":{"start":{"line":38,"column":4},"end":{"line":38,"column":19}},"28":{"start":{"line":42,"column":20},"end":{"line":125,"column":1}},"29":{"start":{"line":43,"column":2},"end":{"line":124,"column":3}},"30":{"start":{"line":44,"column":21},"end":{"line":44,"column":49}},"31":{"start":{"line":45,"column":27},"end":{"line":45,"column":89}},"32":{"start":{"line":45,"column":59},"end":{"line":45,"column":87}},"33":{"start":{"line":46,"column":20},"end":{"line":48,"column":29}},"34":{"start":{"line":50,"column":22},"end":{"line":50,"column":24}},"35":{"start":{"line":51,"column":33},"end":{"line":51,"column":42}},"36":{"start":{"line":53,"column":8},"end":{"line":59,"column":9}},"37":{"start":{"line":54,"column":29},"end":{"line":54,"column":59}},"38":{"start":{"line":55,"column":12},"end":{"line":57,"column":13}},"39":{"start":{"line":56,"column":16},"end":{"line":56,"column":51}},"40":{"start":{"line":58,"column":12},"end":{"line":58,"column":57}},"41":{"start":{"line":61,"column":8},"end":{"line":119,"column":5}},"42":{"start":{"line":62,"column":33},"end":{"line":65,"column":8}},"43":{"start":{"line":67,"column":29},"end":{"line":69,"column":7}},"44":{"start":{"line":68,"column":21},"end":{"line":68,"column":99}},"45":{"start":{"line":71,"column":24},"end":{"line":71,"column":33}},"46":{"start":{"line":72,"column":30},"end":{"line":72,"column":32}},"47":{"start":{"line":74,"column":6},"end":{"line":87,"column":7}},"48":{"start":{"line":75,"column":8},"end":{"line":77,"column":9}},"49":{"start":{"line":76,"column":10},"end":{"line":76,"column":59}},"50":{"start":{"line":79,"column":8},"end":{"line":86,"column":9}},"51":{"start":{"line":80,"column":27},"end":{"line":80,"column":57}},"52":{"start":{"line":81,"column":30},"end":{"line":81,"column":87}},"53":{"start":{"line":83,"column":10},"end":{"line":85,"column":11}},"54":{"start":{"line":84,"column":12},"end":{"line":84,"column":46}},"55":{"start":{"line":89,"column":27},"end":{"line":89,"column":53}},"56":{"start":{"line":92,"column":27},"end":{"line":92,"column":28}},"57":{"start":{"line":95,"column":8},"end":{"line":97,"column":18}},"58":{"start":{"line":96,"column":45},"end":{"line":96,"column":52}},"59":{"start":{"line":100,"column":41},"end":{"line":102,"column":24}},"60":{"start":{"line":101,"column":67},"end":{"line":101,"column":104}},"61":{"start":{"line":103,"column":35},"end":{"line":103,"column":72}},"62":{"start":{"line":105,"column":35},"end":{"line":105,"column":80}},"63":{"start":{"line":107,"column":33},"end":{"line":112,"column":7}},"64":{"start":{"line":114,"column":12},"end":{"line":114,"column":47}},"65":{"start":{"line":116,"column":12},"end":{"line":118,"column":13}},"66":{"start":{"line":117,"column":16},"end":{"line":117,"column":60}},"67":{"start":{"line":121,"column":4},"end":{"line":121,"column":43}},"68":{"start":{"line":123,"column":4},"end":{"line":123,"column":69}},"69":{"start":{"line":129,"column":21},"end":{"line":178,"column":1}},"70":{"start":{"line":130,"column":4},"end":{"line":177,"column":5}},"71":{"start":{"line":132,"column":24},"end":{"line":132,"column":90}},"72":{"start":{"line":133,"column":25},"end":{"line":133,"column":53}},"73":{"start":{"line":134,"column":27},"end":{"line":134,"column":89}},"74":{"start":{"line":134,"column":59},"end":{"line":134,"column":87}},"75":{"start":{"line":137,"column":23},"end":{"line":137,"column":25}},"76":{"start":{"line":138,"column":8},"end":{"line":158,"column":9}},"77":{"start":{"line":139,"column":28},"end":{"line":139,"column":92}},"78":{"start":{"line":140,"column":29},"end":{"line":140,"column":63}},"79":{"start":{"line":141,"column":30},"end":{"line":141,"column":84}},"80":{"start":{"line":142,"column":32},"end":{"line":142,"column":59}},"81":{"start":{"line":144,"column":12},"end":{"line":144,"column":57}},"82":{"start":{"line":144,"column":35},"end":{"line":144,"column":57}},"83":{"start":{"line":145,"column":12},"end":{"line":153,"column":15}},"84":{"start":{"line":155,"column":12},"end":{"line":157,"column":13}},"85":{"start":{"line":156,"column":16},"end":{"line":156,"column":53}},"86":{"start":{"line":161,"column":26},"end":{"line":161,"column":44}},"87":{"start":{"line":162,"column":25},"end":{"line":162,"column":27}},"88":{"start":{"line":163,"column":8},"end":{"line":165,"column":9}},"89":{"start":{"line":164,"column":12},"end":{"line":164,"column":53}},"90":{"start":{"line":167,"column":8},"end":{"line":172,"column":9}},"91":{"start":{"line":168,"column":29},"end":{"line":168,"column":59}},"92":{"start":{"line":169,"column":12},"end":{"line":171,"column":13}},"93":{"start":{"line":170,"column":16},"end":{"line":170,"column":65}},"94":{"start":{"line":174,"column":8},"end":{"line":174,"column":54}},"95":{"start":{"line":176,"column":8},"end":{"line":176,"column":73}},"96":{"start":{"line":181,"column":22},"end":{"line":227,"column":1}},"97":{"start":{"line":182,"column":4},"end":{"line":226,"column":5}},"98":{"start":{"line":183,"column":30},"end":{"line":183,"column":40}},"99":{"start":{"line":184,"column":29},"end":{"line":184,"column":61}},"100":{"start":{"line":185,"column":8},"end":{"line":187,"column":9}},"101":{"start":{"line":186,"column":12},"end":{"line":186,"column":96}},"102":{"start":{"line":190,"column":22},"end":{"line":190,"column":66}},"103":{"start":{"line":191,"column":8},"end":{"line":193,"column":9}},"104":{"start":{"line":192,"column":12},"end":{"line":192,"column":96}},"105":{"start":{"line":196,"column":27},"end":{"line":200,"column":9}},"106":{"start":{"line":203,"column":8},"end":{"line":205,"column":9}},"107":{"start":{"line":204,"column":12},"end":{"line":204,"column":95}},"108":{"start":{"line":208,"column":8},"end":{"line":208,"column":94}},"109":{"start":{"line":211,"column":26},"end":{"line":211,"column":111}},"110":{"start":{"line":212,"column":8},"end":{"line":212,"column":137}},"111":{"start":{"line":212,"column":26},"end":{"line":212,"column":137}},"112":{"start":{"line":213,"column":8},"end":{"line":213,"column":137}},"113":{"start":{"line":213,"column":26},"end":{"line":213,"column":137}},"114":{"start":{"line":215,"column":32},"end":{"line":215,"column":60}},"115":{"start":{"line":218,"column":8},"end":{"line":223,"column":11}},"116":{"start":{"line":222,"column":52},"end":{"line":222,"column":158}},"117":{"start":{"line":225,"column":8},"end":{"line":225,"column":73}},"118":{"start":{"line":230,"column":17},"end":{"line":276,"column":1}},"119":{"start":{"line":231,"column":4},"end":{"line":275,"column":5}},"120":{"start":{"line":232,"column":40},"end":{"line":232,"column":50}},"121":{"start":{"line":233,"column":30},"end":{"line":233,"column":38}},"122":{"start":{"line":234,"column":29},"end":{"line":234,"column":61}},"123":{"start":{"line":235,"column":8},"end":{"line":237,"column":9}},"124":{"start":{"line":236,"column":12},"end":{"line":236,"column":72}},"125":{"start":{"line":240,"column":22},"end":{"line":240,"column":66}},"126":{"start":{"line":241,"column":8},"end":{"line":243,"column":9}},"127":{"start":{"line":242,"column":12},"end":{"line":242,"column":72}},"128":{"start":{"line":246,"column":21},"end":{"line":246,"column":97}},"129":{"start":{"line":247,"column":8},"end":{"line":249,"column":9}},"130":{"start":{"line":248,"column":12},"end":{"line":248,"column":71}},"131":{"start":{"line":253,"column":8},"end":{"line":257,"column":9}},"132":{"start":{"line":254,"column":12},"end":{"line":254,"column":119}},"133":{"start":{"line":255,"column":15},"end":{"line":257,"column":9}},"134":{"start":{"line":256,"column":12},"end":{"line":256,"column":119}},"135":{"start":{"line":260,"column":8},"end":{"line":264,"column":9}},"136":{"start":{"line":261,"column":28},"end":{"line":261,"column":41}},"137":{"start":{"line":262,"column":12},"end":{"line":262,"column":90}},"138":{"start":{"line":263,"column":12},"end":{"line":263,"column":84}},"139":{"start":{"line":267,"column":29},"end":{"line":267,"column":114}},"140":{"start":{"line":268,"column":8},"end":{"line":272,"column":11}},"141":{"start":{"line":271,"column":49},"end":{"line":271,"column":133}},"142":{"start":{"line":274,"column":8},"end":{"line":274,"column":73}},"143":{"start":{"line":279,"column":19},"end":{"line":314,"column":1}},"144":{"start":{"line":280,"column":4},"end":{"line":313,"column":5}},"145":{"start":{"line":281,"column":40},"end":{"line":281,"column":50}},"146":{"start":{"line":282,"column":29},"end":{"line":282,"column":61}},"147":{"start":{"line":283,"column":8},"end":{"line":285,"column":9}},"148":{"start":{"line":284,"column":12},"end":{"line":284,"column":72}},"149":{"start":{"line":288,"column":22},"end":{"line":288,"column":66}},"150":{"start":{"line":289,"column":8},"end":{"line":291,"column":9}},"151":{"start":{"line":290,"column":12},"end":{"line":290,"column":72}},"152":{"start":{"line":294,"column":22},"end":{"line":298,"column":9}},"153":{"start":{"line":301,"column":8},"end":{"line":301,"column":85}},"154":{"start":{"line":301,"column":19},"end":{"line":301,"column":85}},"155":{"start":{"line":303,"column":29},"end":{"line":303,"column":57}},"156":{"start":{"line":306,"column":8},"end":{"line":310,"column":11}},"157":{"start":{"line":309,"column":49},"end":{"line":309,"column":155}},"158":{"start":{"line":312,"column":8},"end":{"line":312,"column":73}},"159":{"start":{"line":317,"column":18},"end":{"line":396,"column":1}},"160":{"start":{"line":318,"column":4},"end":{"line":395,"column":3}},"161":{"start":{"line":319,"column":30},"end":{"line":319,"column":40}},"162":{"start":{"line":320,"column":25},"end":{"line":320,"column":33}},"163":{"start":{"line":322,"column":8},"end":{"line":324,"column":9}},"164":{"start":{"line":323,"column":12},"end":{"line":323,"column":85}},"165":{"start":{"line":327,"column":24},"end":{"line":327,"column":60}},"166":{"start":{"line":328,"column":8},"end":{"line":330,"column":9}},"167":{"start":{"line":329,"column":12},"end":{"line":329,"column":90}},"168":{"start":{"line":331,"column":25},"end":{"line":331,"column":55}},"169":{"start":{"line":334,"column":20},"end":{"line":334,"column":64}},"170":{"start":{"line":337,"column":8},"end":{"line":339,"column":9}},"171":{"start":{"line":338,"column":12},"end":{"line":338,"column":80}},"172":{"start":{"line":341,"column":8},"end":{"line":343,"column":9}},"173":{"start":{"line":342,"column":12},"end":{"line":342,"column":107}},"174":{"start":{"line":345,"column":25},"end":{"line":348,"column":6}},"175":{"start":{"line":351,"column":27},"end":{"line":355,"column":5}},"176":{"start":{"line":357,"column":4},"end":{"line":359,"column":5}},"177":{"start":{"line":358,"column":6},"end":{"line":358,"column":84}},"178":{"start":{"line":361,"column":23},"end":{"line":361,"column":56}},"179":{"start":{"line":362,"column":21},"end":{"line":362,"column":91}},"180":{"start":{"line":364,"column":21},"end":{"line":373,"column":6}},"181":{"start":{"line":375,"column":8},"end":{"line":375,"column":37}},"182":{"start":{"line":378,"column":4},"end":{"line":378,"column":62}},"183":{"start":{"line":380,"column":4},"end":{"line":380,"column":49}},"184":{"start":{"line":382,"column":4},"end":{"line":389,"column":7}},"185":{"start":{"line":391,"column":4},"end":{"line":394,"column":7}},"186":{"start":{"line":399,"column":26},"end":{"line":434,"column":1}},"187":{"start":{"line":400,"column":4},"end":{"line":433,"column":5}},"188":{"start":{"line":401,"column":30},"end":{"line":401,"column":40}},"189":{"start":{"line":402,"column":27},"end":{"line":402,"column":35}},"190":{"start":{"line":403,"column":29},"end":{"line":403,"column":61}},"191":{"start":{"line":404,"column":8},"end":{"line":406,"column":9}},"192":{"start":{"line":405,"column":12},"end":{"line":405,"column":88}},"193":{"start":{"line":408,"column":29},"end":{"line":408,"column":65}},"194":{"start":{"line":409,"column":8},"end":{"line":411,"column":9}},"195":{"start":{"line":410,"column":12},"end":{"line":410,"column":87}},"196":{"start":{"line":413,"column":20},"end":{"line":413,"column":64}},"197":{"start":{"line":414,"column":8},"end":{"line":416,"column":9}},"198":{"start":{"line":415,"column":12},"end":{"line":415,"column":88}},"199":{"start":{"line":418,"column":8},"end":{"line":427,"column":9}},"200":{"start":{"line":419,"column":12},"end":{"line":419,"column":73}},"201":{"start":{"line":420,"column":15},"end":{"line":427,"column":9}},"202":{"start":{"line":421,"column":12},"end":{"line":421,"column":36}},"203":{"start":{"line":422,"column":15},"end":{"line":427,"column":9}},"204":{"start":{"line":423,"column":12},"end":{"line":423,"column":36}},"205":{"start":{"line":424,"column":12},"end":{"line":424,"column":82}},"206":{"start":{"line":425,"column":15},"end":{"line":427,"column":9}},"207":{"start":{"line":426,"column":12},"end":{"line":426,"column":34}},"208":{"start":{"line":429,"column":8},"end":{"line":429,"column":27}},"209":{"start":{"line":430,"column":8},"end":{"line":430,"column":111}},"210":{"start":{"line":432,"column":8},"end":{"line":432,"column":73}},"211":{"start":{"line":437,"column":23},"end":{"line":444,"column":1}},"212":{"start":{"line":438,"column":4},"end":{"line":443,"column":5}},"213":{"start":{"line":439,"column":8},"end":{"line":439,"column":59}},"214":{"start":{"line":440,"column":8},"end":{"line":440,"column":67}},"215":{"start":{"line":442,"column":8},"end":{"line":442,"column":73}},"216":{"start":{"line":447,"column":20},"end":{"line":449,"column":1}},"217":{"start":{"line":448,"column":4},"end":{"line":448,"column":36}},"218":{"start":{"line":451,"column":0},"end":{"line":451,"column":143}}},"fnMap":{"0":{"name":"(anonymous_0)","decl":{"start":{"line":10,"column":30},"end":{"line":10,"column":31}},"loc":{"start":{"line":10,"column":43},"end":{"line":10,"column":82}},"line":10},"1":{"name":"(anonymous_1)","decl":{"start":{"line":12,"column":24},"end":{"line":12,"column":25}},"loc":{"start":{"line":12,"column":54},"end":{"line":23,"column":1}},"line":12},"2":{"name":"(anonymous_2)","decl":{"start":{"line":25,"column":21},"end":{"line":25,"column":22}},"loc":{"start":{"line":25,"column":41},"end":{"line":39,"column":1}},"line":25},"3":{"name":"(anonymous_3)","decl":{"start":{"line":27,"column":17},"end":{"line":27,"column":18}},"loc":{"start":{"line":27,"column":27},"end":{"line":32,"column":5}},"line":27},"4":{"name":"(anonymous_4)","decl":{"start":{"line":42,"column":20},"end":{"line":42,"column":21}},"loc":{"start":{"line":42,"column":40},"end":{"line":125,"column":1}},"line":42},"5":{"name":"(anonymous_5)","decl":{"start":{"line":45,"column":48},"end":{"line":45,"column":49}},"loc":{"start":{"line":45,"column":59},"end":{"line":45,"column":87}},"line":45},"6":{"name":"(anonymous_6)","decl":{"start":{"line":68,"column":16},"end":{"line":68,"column":17}},"loc":{"start":{"line":68,"column":21},"end":{"line":68,"column":99}},"line":68},"7":{"name":"(anonymous_7)","decl":{"start":{"line":96,"column":33},"end":{"line":96,"column":34}},"loc":{"start":{"line":96,"column":45},"end":{"line":96,"column":52}},"line":96},"8":{"name":"(anonymous_8)","decl":{"start":{"line":101,"column":49},"end":{"line":101,"column":50}},"loc":{"start":{"line":101,"column":67},"end":{"line":101,"column":104}},"line":101},"9":{"name":"(anonymous_9)","decl":{"start":{"line":129,"column":21},"end":{"line":129,"column":22}},"loc":{"start":{"line":129,"column":41},"end":{"line":178,"column":1}},"line":129},"10":{"name":"(anonymous_10)","decl":{"start":{"line":134,"column":48},"end":{"line":134,"column":49}},"loc":{"start":{"line":134,"column":59},"end":{"line":134,"column":87}},"line":134},"11":{"name":"(anonymous_11)","decl":{"start":{"line":181,"column":22},"end":{"line":181,"column":23}},"loc":{"start":{"line":181,"column":42},"end":{"line":227,"column":1}},"line":181},"12":{"name":"(anonymous_12)","decl":{"start":{"line":222,"column":46},"end":{"line":222,"column":47}},"loc":{"start":{"line":222,"column":52},"end":{"line":222,"column":158}},"line":222},"13":{"name":"(anonymous_13)","decl":{"start":{"line":230,"column":17},"end":{"line":230,"column":18}},"loc":{"start":{"line":230,"column":37},"end":{"line":276,"column":1}},"line":230},"14":{"name":"(anonymous_14)","decl":{"start":{"line":271,"column":43},"end":{"line":271,"column":44}},"loc":{"start":{"line":271,"column":49},"end":{"line":271,"column":133}},"line":271},"15":{"name":"(anonymous_15)","decl":{"start":{"line":279,"column":19},"end":{"line":279,"column":20}},"loc":{"start":{"line":279,"column":39},"end":{"line":314,"column":1}},"line":279},"16":{"name":"(anonymous_16)","decl":{"start":{"line":309,"column":43},"end":{"line":309,"column":44}},"loc":{"start":{"line":309,"column":49},"end":{"line":309,"column":155}},"line":309},"17":{"name":"(anonymous_17)","decl":{"start":{"line":317,"column":18},"end":{"line":317,"column":19}},"loc":{"start":{"line":317,"column":38},"end":{"line":396,"column":1}},"line":317},"18":{"name":"(anonymous_18)","decl":{"start":{"line":399,"column":26},"end":{"line":399,"column":27}},"loc":{"start":{"line":399,"column":46},"end":{"line":434,"column":1}},"line":399},"19":{"name":"(anonymous_19)","decl":{"start":{"line":437,"column":23},"end":{"line":437,"column":24}},"loc":{"start":{"line":437,"column":43},"end":{"line":444,"column":1}},"line":437},"20":{"name":"(anonymous_20)","decl":{"start":{"line":447,"column":20},"end":{"line":447,"column":21}},"loc":{"start":{"line":447,"column":32},"end":{"line":449,"column":1}},"line":447}},"branchMap":{"0":{"loc":{"start":{"line":10,"column":43},"end":{"line":10,"column":82}},"type":"binary-expr","locations":[{"start":{"line":10,"column":43},"end":{"line":10,"column":60}},{"start":{"line":10,"column":64},"end":{"line":10,"column":82}}],"line":10},"1":{"loc":{"start":{"line":14,"column":4},"end":{"line":16,"column":5}},"type":"if","locations":[{"start":{"line":14,"column":4},"end":{"line":16,"column":5}},{"start":{},"end":{}}],"line":14},"2":{"loc":{"start":{"line":18,"column":4},"end":{"line":20,"column":5}},"type":"if","locations":[{"start":{"line":18,"column":4},"end":{"line":20,"column":5}},{"start":{},"end":{}}],"line":18},"3":{"loc":{"start":{"line":28,"column":19},"end":{"line":28,"column":50}},"type":"binary-expr","locations":[{"start":{"line":28,"column":19},"end":{"line":28,"column":45}},{"start":{"line":28,"column":49},"end":{"line":28,"column":50}}],"line":28},"4":{"loc":{"start":{"line":29,"column":19},"end":{"line":29,"column":50}},"type":"binary-expr","locations":[{"start":{"line":29,"column":19},"end":{"line":29,"column":45}},{"start":{"line":29,"column":49},"end":{"line":29,"column":50}}],"line":29},"5":{"loc":{"start":{"line":30,"column":8},"end":{"line":30,"column":38}},"type":"if","locations":[{"start":{"line":30,"column":8},"end":{"line":30,"column":38}},{"start":{},"end":{}}],"line":30},"6":{"loc":{"start":{"line":44,"column":21},"end":{"line":44,"column":49}},"type":"binary-expr","locations":[{"start":{"line":44,"column":22},"end":{"line":44,"column":42}},{"start":{"line":44,"column":47},"end":{"line":44,"column":49}}],"line":44},"7":{"loc":{"start":{"line":55,"column":12},"end":{"line":57,"column":13}},"type":"if","locations":[{"start":{"line":55,"column":12},"end":{"line":57,"column":13}},{"start":{},"end":{}}],"line":55},"8":{"loc":{"start":{"line":68,"column":21},"end":{"line":68,"column":99}},"type":"binary-expr","locations":[{"start":{"line":68,"column":21},"end":{"line":68,"column":71}},{"start":{"line":68,"column":75},"end":{"line":68,"column":99}}],"line":68},"9":{"loc":{"start":{"line":75,"column":8},"end":{"line":77,"column":9}},"type":"if","locations":[{"start":{"line":75,"column":8},"end":{"line":77,"column":9}},{"start":{},"end":{}}],"line":75},"10":{"loc":{"start":{"line":79,"column":8},"end":{"line":86,"column":9}},"type":"if","locations":[{"start":{"line":79,"column":8},"end":{"line":86,"column":9}},{"start":{},"end":{}}],"line":79},"11":{"loc":{"start":{"line":79,"column":12},"end":{"line":79,"column":71}},"type":"binary-expr","locations":[{"start":{"line":79,"column":12},"end":{"line":79,"column":37}},{"start":{"line":79,"column":41},"end":{"line":79,"column":71}}],"line":79},"12":{"loc":{"start":{"line":83,"column":10},"end":{"line":85,"column":11}},"type":"if","locations":[{"start":{"line":83,"column":10},"end":{"line":85,"column":11}},{"start":{},"end":{}}],"line":83},"13":{"loc":{"start":{"line":95,"column":8},"end":{"line":97,"column":18}},"type":"cond-expr","locations":[{"start":{"line":96,"column":14},"end":{"line":96,"column":77}},{"start":{"line":97,"column":14},"end":{"line":97,"column":18}}],"line":95},"14":{"loc":{"start":{"line":100,"column":41},"end":{"line":102,"column":24}},"type":"cond-expr","locations":[{"start":{"line":101,"column":22},"end":{"line":101,"column":137}},{"start":{"line":102,"column":22},"end":{"line":102,"column":24}}],"line":100},"15":{"loc":{"start":{"line":101,"column":74},"end":{"line":101,"column":103}},"type":"binary-expr","locations":[{"start":{"line":101,"column":74},"end":{"line":101,"column":98}},{"start":{"line":101,"column":102},"end":{"line":101,"column":103}}],"line":101},"16":{"loc":{"start":{"line":103,"column":35},"end":{"line":103,"column":72}},"type":"binary-expr","locations":[{"start":{"line":103,"column":35},"end":{"line":103,"column":52}},{"start":{"line":103,"column":56},"end":{"line":103,"column":72}}],"line":103},"17":{"loc":{"start":{"line":111,"column":16},"end":{"line":111,"column":69}},"type":"cond-expr","locations":[{"start":{"line":111,"column":36},"end":{"line":111,"column":48}},{"start":{"line":111,"column":51},"end":{"line":111,"column":69}}],"line":111},"18":{"loc":{"start":{"line":133,"column":25},"end":{"line":133,"column":53}},"type":"binary-expr","locations":[{"start":{"line":133,"column":26},"end":{"line":133,"column":46}},{"start":{"line":133,"column":51},"end":{"line":133,"column":53}}],"line":133},"19":{"loc":{"start":{"line":139,"column":28},"end":{"line":139,"column":92}},"type":"binary-expr","locations":[{"start":{"line":139,"column":28},"end":{"line":139,"column":59}},{"start":{"line":139,"column":63},"end":{"line":139,"column":92}}],"line":139},"20":{"loc":{"start":{"line":140,"column":29},"end":{"line":140,"column":63}},"type":"binary-expr","locations":[{"start":{"line":140,"column":29},"end":{"line":140,"column":46}},{"start":{"line":140,"column":50},"end":{"line":140,"column":63}}],"line":140},"21":{"loc":{"start":{"line":141,"column":30},"end":{"line":141,"column":84}},"type":"binary-expr","locations":[{"start":{"line":141,"column":30},"end":{"line":141,"column":45}},{"start":{"line":141,"column":49},"end":{"line":141,"column":67}},{"start":{"line":141,"column":71},"end":{"line":141,"column":84}}],"line":141},"22":{"loc":{"start":{"line":142,"column":32},"end":{"line":142,"column":59}},"type":"binary-expr","locations":[{"start":{"line":142,"column":32},"end":{"line":142,"column":45}},{"start":{"line":142,"column":49},"end":{"line":142,"column":59}}],"line":142},"23":{"loc":{"start":{"line":144,"column":12},"end":{"line":144,"column":57}},"type":"if","locations":[{"start":{"line":144,"column":12},"end":{"line":144,"column":57}},{"start":{},"end":{}}],"line":144},"24":{"loc":{"start":{"line":155,"column":12},"end":{"line":157,"column":13}},"type":"if","locations":[{"start":{"line":155,"column":12},"end":{"line":157,"column":13}},{"start":{},"end":{}}],"line":155},"25":{"loc":{"start":{"line":169,"column":12},"end":{"line":171,"column":13}},"type":"if","locations":[{"start":{"line":169,"column":12},"end":{"line":171,"column":13}},{"start":{},"end":{}}],"line":169},"26":{"loc":{"start":{"line":185,"column":8},"end":{"line":187,"column":9}},"type":"if","locations":[{"start":{"line":185,"column":8},"end":{"line":187,"column":9}},{"start":{},"end":{}}],"line":185},"27":{"loc":{"start":{"line":191,"column":8},"end":{"line":193,"column":9}},"type":"if","locations":[{"start":{"line":191,"column":8},"end":{"line":193,"column":9}},{"start":{},"end":{}}],"line":191},"28":{"loc":{"start":{"line":203,"column":8},"end":{"line":205,"column":9}},"type":"if","locations":[{"start":{"line":203,"column":8},"end":{"line":205,"column":9}},{"start":{},"end":{}}],"line":203},"29":{"loc":{"start":{"line":208,"column":59},"end":{"line":208,"column":92}},"type":"binary-expr","locations":[{"start":{"line":208,"column":59},"end":{"line":208,"column":79}},{"start":{"line":208,"column":83},"end":{"line":208,"column":92}}],"line":208},"30":{"loc":{"start":{"line":212,"column":8},"end":{"line":212,"column":137}},"type":"if","locations":[{"start":{"line":212,"column":8},"end":{"line":212,"column":137}},{"start":{},"end":{}}],"line":212},"31":{"loc":{"start":{"line":212,"column":97},"end":{"line":212,"column":132}},"type":"binary-expr","locations":[{"start":{"line":212,"column":97},"end":{"line":212,"column":119}},{"start":{"line":212,"column":123},"end":{"line":212,"column":132}}],"line":212},"32":{"loc":{"start":{"line":213,"column":8},"end":{"line":213,"column":137}},"type":"if","locations":[{"start":{"line":213,"column":8},"end":{"line":213,"column":137}},{"start":{},"end":{}}],"line":213},"33":{"loc":{"start":{"line":213,"column":97},"end":{"line":213,"column":132}},"type":"binary-expr","locations":[{"start":{"line":213,"column":97},"end":{"line":213,"column":119}},{"start":{"line":213,"column":123},"end":{"line":213,"column":132}}],"line":213},"34":{"loc":{"start":{"line":235,"column":8},"end":{"line":237,"column":9}},"type":"if","locations":[{"start":{"line":235,"column":8},"end":{"line":237,"column":9}},{"start":{},"end":{}}],"line":235},"35":{"loc":{"start":{"line":241,"column":8},"end":{"line":243,"column":9}},"type":"if","locations":[{"start":{"line":241,"column":8},"end":{"line":243,"column":9}},{"start":{},"end":{}}],"line":241},"36":{"loc":{"start":{"line":247,"column":8},"end":{"line":249,"column":9}},"type":"if","locations":[{"start":{"line":247,"column":8},"end":{"line":249,"column":9}},{"start":{},"end":{}}],"line":247},"37":{"loc":{"start":{"line":253,"column":8},"end":{"line":257,"column":9}},"type":"if","locations":[{"start":{"line":253,"column":8},"end":{"line":257,"column":9}},{"start":{"line":255,"column":15},"end":{"line":257,"column":9}}],"line":253},"38":{"loc":{"start":{"line":255,"column":15},"end":{"line":257,"column":9}},"type":"if","locations":[{"start":{"line":255,"column":15},"end":{"line":257,"column":9}},{"start":{},"end":{}}],"line":255},"39":{"loc":{"start":{"line":260,"column":8},"end":{"line":264,"column":9}},"type":"if","locations":[{"start":{"line":260,"column":8},"end":{"line":264,"column":9}},{"start":{},"end":{}}],"line":260},"40":{"loc":{"start":{"line":283,"column":8},"end":{"line":285,"column":9}},"type":"if","locations":[{"start":{"line":283,"column":8},"end":{"line":285,"column":9}},{"start":{},"end":{}}],"line":283},"41":{"loc":{"start":{"line":289,"column":8},"end":{"line":291,"column":9}},"type":"if","locations":[{"start":{"line":289,"column":8},"end":{"line":291,"column":9}},{"start":{},"end":{}}],"line":289},"42":{"loc":{"start":{"line":301,"column":8},"end":{"line":301,"column":85}},"type":"if","locations":[{"start":{"line":301,"column":8},"end":{"line":301,"column":85}},{"start":{},"end":{}}],"line":301},"43":{"loc":{"start":{"line":301,"column":55},"end":{"line":301,"column":83}},"type":"binary-expr","locations":[{"start":{"line":301,"column":55},"end":{"line":301,"column":70}},{"start":{"line":301,"column":74},"end":{"line":301,"column":83}}],"line":301},"44":{"loc":{"start":{"line":322,"column":8},"end":{"line":324,"column":9}},"type":"if","locations":[{"start":{"line":322,"column":8},"end":{"line":324,"column":9}},{"start":{},"end":{}}],"line":322},"45":{"loc":{"start":{"line":322,"column":12},"end":{"line":322,"column":61}},"type":"binary-expr","locations":[{"start":{"line":322,"column":12},"end":{"line":322,"column":17}},{"start":{"line":322,"column":21},"end":{"line":322,"column":45}},{"start":{"line":322,"column":49},"end":{"line":322,"column":61}}],"line":322},"46":{"loc":{"start":{"line":328,"column":8},"end":{"line":330,"column":9}},"type":"if","locations":[{"start":{"line":328,"column":8},"end":{"line":330,"column":9}},{"start":{},"end":{}}],"line":328},"47":{"loc":{"start":{"line":337,"column":8},"end":{"line":339,"column":9}},"type":"if","locations":[{"start":{"line":337,"column":8},"end":{"line":339,"column":9}},{"start":{},"end":{}}],"line":337},"48":{"loc":{"start":{"line":341,"column":8},"end":{"line":343,"column":9}},"type":"if","locations":[{"start":{"line":341,"column":8},"end":{"line":343,"column":9}},{"start":{},"end":{}}],"line":341},"49":{"loc":{"start":{"line":357,"column":4},"end":{"line":359,"column":5}},"type":"if","locations":[{"start":{"line":357,"column":4},"end":{"line":359,"column":5}},{"start":{},"end":{}}],"line":357},"50":{"loc":{"start":{"line":370,"column":22},"end":{"line":370,"column":54}},"type":"binary-expr","locations":[{"start":{"line":370,"column":22},"end":{"line":370,"column":45}},{"start":{"line":370,"column":49},"end":{"line":370,"column":54}}],"line":370},"51":{"loc":{"start":{"line":404,"column":8},"end":{"line":406,"column":9}},"type":"if","locations":[{"start":{"line":404,"column":8},"end":{"line":406,"column":9}},{"start":{},"end":{}}],"line":404},"52":{"loc":{"start":{"line":409,"column":8},"end":{"line":411,"column":9}},"type":"if","locations":[{"start":{"line":409,"column":8},"end":{"line":411,"column":9}},{"start":{},"end":{}}],"line":409},"53":{"loc":{"start":{"line":414,"column":8},"end":{"line":416,"column":9}},"type":"if","locations":[{"start":{"line":414,"column":8},"end":{"line":416,"column":9}},{"start":{},"end":{}}],"line":414},"54":{"loc":{"start":{"line":418,"column":8},"end":{"line":427,"column":9}},"type":"if","locations":[{"start":{"line":418,"column":8},"end":{"line":427,"column":9}},{"start":{"line":420,"column":15},"end":{"line":427,"column":9}}],"line":418},"55":{"loc":{"start":{"line":419,"column":27},"end":{"line":419,"column":72}},"type":"cond-expr","locations":[{"start":{"line":419,"column":55},"end":{"line":419,"column":61}},{"start":{"line":419,"column":64},"end":{"line":419,"column":72}}],"line":419},"56":{"loc":{"start":{"line":420,"column":15},"end":{"line":427,"column":9}},"type":"if","locations":[{"start":{"line":420,"column":15},"end":{"line":427,"column":9}},{"start":{"line":422,"column":15},"end":{"line":427,"column":9}}],"line":420},"57":{"loc":{"start":{"line":422,"column":15},"end":{"line":427,"column":9}},"type":"if","locations":[{"start":{"line":422,"column":15},"end":{"line":427,"column":9}},{"start":{"line":425,"column":15},"end":{"line":427,"column":9}}],"line":422},"58":{"loc":{"start":{"line":425,"column":15},"end":{"line":427,"column":9}},"type":"if","locations":[{"start":{"line":425,"column":15},"end":{"line":427,"column":9}},{"start":{},"end":{}}],"line":425}},"s":{"0":1,"1":1,"2":1,"3":1,"4":1,"5":1,"6":1,"7":1,"8":22,"9":1,"10":13,"11":13,"12":12,"13":1,"14":0,"15":1,"16":1,"17":11,"18":11,"19":2,"20":2,"21":2,"22":0,"23":2,"24":11,"25":11,"26":5,"27":11,"28":1,"29":2,"30":2,"31":2,"32":3,"33":2,"34":2,"35":2,"36":2,"37":3,"38":3,"39":3,"40":3,"41":2,"42":3,"43":3,"44":0,"45":3,"46":3,"47":3,"48":0,"49":0,"50":0,"51":0,"52":0,"53":0,"54":0,"55":3,"56":3,"57":3,"58":0,"59":3,"60":3,"61":3,"62":3,"63":3,"64":3,"65":3,"66":3,"67":2,"68":0,"69":1,"70":1,"71":1,"72":1,"73":1,"74":0,"75":1,"76":1,"77":1,"78":1,"79":1,"80":1,"81":1,"82":1,"83":1,"84":1,"85":0,"86":1,"87":1,"88":1,"89":0,"90":1,"91":0,"92":0,"93":0,"94":1,"95":0,"96":1,"97":4,"98":4,"99":4,"100":4,"101":1,"102":3,"103":3,"104":0,"105":3,"106":3,"107":1,"108":2,"109":2,"110":2,"111":0,"112":2,"113":0,"114":2,"115":2,"116":0,"117":0,"118":1,"119":2,"120":2,"121":2,"122":2,"123":2,"124":0,"125":2,"126":2,"127":0,"128":2,"129":2,"130":1,"131":1,"132":1,"133":0,"134":0,"135":1,"136":1,"137":1,"138":1,"139":1,"140":1,"141":2,"142":0,"143":1,"144":2,"145":2,"146":2,"147":2,"148":0,"149":2,"150":2,"151":0,"152":2,"153":2,"154":2,"155":2,"156":2,"157":0,"158":0,"159":1,"160":8,"161":8,"162":8,"163":8,"164":1,"165":7,"166":7,"167":0,"168":7,"169":7,"170":7,"171":0,"172":7,"173":0,"174":7,"175":7,"176":7,"177":0,"178":7,"179":7,"180":7,"181":7,"182":7,"183":7,"184":7,"185":0,"186":1,"187":5,"188":5,"189":5,"190":5,"191":5,"192":0,"193":5,"194":5,"195":1,"196":4,"197":4,"198":1,"199":3,"200":0,"201":3,"202":1,"203":2,"204":1,"205":1,"206":1,"207":1,"208":3,"209":3,"210":0,"211":1,"212":2,"213":2,"214":2,"215":0,"216":1,"217":0,"218":1},"f":{"0":22,"1":13,"2":11,"3":2,"4":2,"5":3,"6":0,"7":0,"8":3,"9":1,"10":0,"11":4,"12":0,"13":2,"14":2,"15":2,"16":0,"17":8,"18":5,"19":2,"20":0},"b":{"0":[22,22],"1":[12,1],"2":[0,1],"3":[2,2],"4":[2,2],"5":[0,2],"6":[2,0],"7":[3,0],"8":[0,0],"9":[0,0],"10":[0,0],"11":[0,0],"12":[0,0],"13":[0,3],"14":[3,0],"15":[3,0],"16":[3,3],"17":[0,3],"18":[1,1],"19":[1,1],"20":[1,1],"21":[1,1,1],"22":[1,1],"23":[1,0],"24":[0,1],"25":[0,0],"26":[1,3],"27":[0,3],"28":[1,2],"29":[2,2],"30":[0,2],"31":[0,0],"32":[0,2],"33":[0,0],"34":[0,2],"35":[0,2],"36":[1,1],"37":[1,0],"38":[0,0],"39":[1,0],"40":[0,2],"41":[0,2],"42":[2,0],"43":[2,2],"44":[1,7],"45":[8,7,7],"46":[0,7],"47":[0,7],"48":[0,7],"49":[0,7],"50":[7,7],"51":[0,5],"52":[1,4],"53":[1,3],"54":[0,3],"55":[0,0],"56":[1,2],"57":[1,1],"58":[1,0]},"_coverageSchema":"1a1c01bbd47fc00a2c39e90264f33305004495a9","hash":"b724565a8b725cc5427c28130e26723a9eb3358c"}
,"D:\\School\\COSC4353\\backend\\src\\controllers\\serviceController.js": {"path":"D:\\School\\COSC4353\\backend\\src\\controllers\\serviceController.js","statementMap":{"0":{"start":{"line":1,"column":16},"end":{"line":1,"column":44}},"1":{"start":{"line":2,"column":14},"end":{"line":2,"column":40}},"2":{"start":{"line":3,"column":19},"end":{"line":3,"column":50}},"3":{"start":{"line":6,"column":19},"end":{"line":22,"column":1}},"4":{"start":{"line":7,"column":4},"end":{"line":21,"column":5}},"5":{"start":{"line":8,"column":25},"end":{"line":8,"column":45}},"6":{"start":{"line":9,"column":30},"end":{"line":17,"column":11}},"7":{"start":{"line":9,"column":49},"end":{"line":17,"column":9}},"8":{"start":{"line":18,"column":8},"end":{"line":18,"column":61}},"9":{"start":{"line":20,"column":8},"end":{"line":20,"column":73}},"10":{"start":{"line":25,"column":22},"end":{"line":47,"column":1}},"11":{"start":{"line":26,"column":4},"end":{"line":46,"column":5}},"12":{"start":{"line":27,"column":87},"end":{"line":27,"column":95}},"13":{"start":{"line":30,"column":8},"end":{"line":32,"column":9}},"14":{"start":{"line":31,"column":12},"end":{"line":31,"column":96}},"15":{"start":{"line":34,"column":24},"end":{"line":34,"column":166}},"16":{"start":{"line":37,"column":24},"end":{"line":37,"column":38}},"17":{"start":{"line":38,"column":30},"end":{"line":38,"column":73}},"18":{"start":{"line":39,"column":8},"end":{"line":41,"column":9}},"19":{"start":{"line":40,"column":12},"end":{"line":40,"column":71}},"20":{"start":{"line":43,"column":8},"end":{"line":43,"column":85}},"21":{"start":{"line":45,"column":8},"end":{"line":45,"column":73}},"22":{"start":{"line":50,"column":22},"end":{"line":86,"column":1}},"23":{"start":{"line":51,"column":4},"end":{"line":85,"column":5}},"24":{"start":{"line":52,"column":23},"end":{"line":52,"column":33}},"25":{"start":{"line":53,"column":83},"end":{"line":53,"column":91}},"26":{"start":{"line":56,"column":24},"end":{"line":56,"column":26}},"27":{"start":{"line":57,"column":8},"end":{"line":57,"column":38}},"28":{"start":{"line":57,"column":18},"end":{"line":57,"column":38}},"29":{"start":{"line":58,"column":8},"end":{"line":58,"column":59}},"30":{"start":{"line":58,"column":25},"end":{"line":58,"column":59}},"31":{"start":{"line":59,"column":8},"end":{"line":59,"column":50}},"32":{"start":{"line":59,"column":22},"end":{"line":59,"column":50}},"33":{"start":{"line":60,"column":8},"end":{"line":60,"column":50}},"34":{"start":{"line":60,"column":22},"end":{"line":60,"column":50}},"35":{"start":{"line":61,"column":8},"end":{"line":61,"column":50}},"36":{"start":{"line":61,"column":22},"end":{"line":61,"column":50}},"37":{"start":{"line":62,"column":8},"end":{"line":62,"column":79}},"38":{"start":{"line":62,"column":41},"end":{"line":62,"column":79}},"39":{"start":{"line":64,"column":31},"end":{"line":68,"column":9}},"40":{"start":{"line":70,"column":8},"end":{"line":72,"column":9}},"41":{"start":{"line":71,"column":12},"end":{"line":71,"column":90}},"42":{"start":{"line":74,"column":8},"end":{"line":80,"column":9}},"43":{"start":{"line":75,"column":28},"end":{"line":75,"column":42}},"44":{"start":{"line":76,"column":34},"end":{"line":76,"column":77}},"45":{"start":{"line":77,"column":12},"end":{"line":79,"column":13}},"46":{"start":{"line":78,"column":16},"end":{"line":78,"column":75}},"47":{"start":{"line":82,"column":8},"end":{"line":82,"column":89}},"48":{"start":{"line":84,"column":8},"end":{"line":84,"column":73}},"49":{"start":{"line":88,"column":22},"end":{"line":111,"column":1}},"50":{"start":{"line":89,"column":4},"end":{"line":110,"column":5}},"51":{"start":{"line":90,"column":23},"end":{"line":90,"column":33}},"52":{"start":{"line":91,"column":24},"end":{"line":91,"column":73}},"53":{"start":{"line":92,"column":8},"end":{"line":94,"column":9}},"54":{"start":{"line":93,"column":12},"end":{"line":93,"column":90}},"55":{"start":{"line":95,"column":8},"end":{"line":95,"column":55}},"56":{"start":{"line":97,"column":8},"end":{"line":106,"column":9}},"57":{"start":{"line":98,"column":48},"end":{"line":98,"column":108}},"58":{"start":{"line":99,"column":12},"end":{"line":102,"column":13}},"59":{"start":{"line":100,"column":16},"end":{"line":100,"column":72}},"60":{"start":{"line":101,"column":16},"end":{"line":101,"column":75}},"61":{"start":{"line":104,"column":12},"end":{"line":104,"column":54}},"62":{"start":{"line":105,"column":12},"end":{"line":105,"column":57}},"63":{"start":{"line":107,"column":8},"end":{"line":107,"column":64}},"64":{"start":{"line":109,"column":8},"end":{"line":109,"column":73}},"65":{"start":{"line":113,"column":0},"end":{"line":113,"column":77}}},"fnMap":{"0":{"name":"(anonymous_0)","decl":{"start":{"line":6,"column":19},"end":{"line":6,"column":20}},"loc":{"start":{"line":6,"column":39},"end":{"line":22,"column":1}},"line":6},"1":{"name":"(anonymous_1)","decl":{"start":{"line":9,"column":43},"end":{"line":9,"column":44}},"loc":{"start":{"line":9,"column":49},"end":{"line":17,"column":9}},"line":9},"2":{"name":"(anonymous_2)","decl":{"start":{"line":25,"column":22},"end":{"line":25,"column":23}},"loc":{"start":{"line":25,"column":42},"end":{"line":47,"column":1}},"line":25},"3":{"name":"(anonymous_3)","decl":{"start":{"line":50,"column":22},"end":{"line":50,"column":23}},"loc":{"start":{"line":50,"column":42},"end":{"line":86,"column":1}},"line":50},"4":{"name":"(anonymous_4)","decl":{"start":{"line":88,"column":22},"end":{"line":88,"column":23}},"loc":{"start":{"line":88,"column":42},"end":{"line":111,"column":1}},"line":88}},"branchMap":{"0":{"loc":{"start":{"line":16,"column":27},"end":{"line":16,"column":48}},"type":"binary-expr","locations":[{"start":{"line":16,"column":27},"end":{"line":16,"column":42}},{"start":{"line":16,"column":46},"end":{"line":16,"column":48}}],"line":16},"1":{"loc":{"start":{"line":30,"column":8},"end":{"line":32,"column":9}},"type":"if","locations":[{"start":{"line":30,"column":8},"end":{"line":32,"column":9}},{"start":{},"end":{}}],"line":30},"2":{"loc":{"start":{"line":30,"column":12},"end":{"line":30,"column":37}},"type":"binary-expr","locations":[{"start":{"line":30,"column":12},"end":{"line":30,"column":15}},{"start":{"line":30,"column":19},"end":{"line":30,"column":24}},{"start":{"line":30,"column":28},"end":{"line":30,"column":37}}],"line":30},"3":{"loc":{"start":{"line":34,"column":126},"end":{"line":34,"column":145}},"type":"binary-expr","locations":[{"start":{"line":34,"column":126},"end":{"line":34,"column":139}},{"start":{"line":34,"column":143},"end":{"line":34,"column":145}}],"line":34},"4":{"loc":{"start":{"line":37,"column":24},"end":{"line":37,"column":38}},"type":"binary-expr","locations":[{"start":{"line":37,"column":24},"end":{"line":37,"column":32}},{"start":{"line":37,"column":36},"end":{"line":37,"column":38}}],"line":37},"5":{"loc":{"start":{"line":39,"column":8},"end":{"line":41,"column":9}},"type":"if","locations":[{"start":{"line":39,"column":8},"end":{"line":41,"column":9}},{"start":{},"end":{}}],"line":39},"6":{"loc":{"start":{"line":57,"column":8},"end":{"line":57,"column":38}},"type":"if","locations":[{"start":{"line":57,"column":8},"end":{"line":57,"column":38}},{"start":{},"end":{}}],"line":57},"7":{"loc":{"start":{"line":58,"column":8},"end":{"line":58,"column":59}},"type":"if","locations":[{"start":{"line":58,"column":8},"end":{"line":58,"column":59}},{"start":{},"end":{}}],"line":58},"8":{"loc":{"start":{"line":59,"column":8},"end":{"line":59,"column":50}},"type":"if","locations":[{"start":{"line":59,"column":8},"end":{"line":59,"column":50}},{"start":{},"end":{}}],"line":59},"9":{"loc":{"start":{"line":60,"column":8},"end":{"line":60,"column":50}},"type":"if","locations":[{"start":{"line":60,"column":8},"end":{"line":60,"column":50}},{"start":{},"end":{}}],"line":60},"10":{"loc":{"start":{"line":61,"column":8},"end":{"line":61,"column":50}},"type":"if","locations":[{"start":{"line":61,"column":8},"end":{"line":61,"column":50}},{"start":{},"end":{}}],"line":61},"11":{"loc":{"start":{"line":62,"column":8},"end":{"line":62,"column":79}},"type":"if","locations":[{"start":{"line":62,"column":8},"end":{"line":62,"column":79}},{"start":{},"end":{}}],"line":62},"12":{"loc":{"start":{"line":70,"column":8},"end":{"line":72,"column":9}},"type":"if","locations":[{"start":{"line":70,"column":8},"end":{"line":72,"column":9}},{"start":{},"end":{}}],"line":70},"13":{"loc":{"start":{"line":74,"column":8},"end":{"line":80,"column":9}},"type":"if","locations":[{"start":{"line":74,"column":8},"end":{"line":80,"column":9}},{"start":{},"end":{}}],"line":74},"14":{"loc":{"start":{"line":74,"column":12},"end":{"line":74,"column":60}},"type":"binary-expr","locations":[{"start":{"line":74,"column":12},"end":{"line":74,"column":20}},{"start":{"line":74,"column":24},"end":{"line":74,"column":60}}],"line":74},"15":{"loc":{"start":{"line":75,"column":28},"end":{"line":75,"column":42}},"type":"binary-expr","locations":[{"start":{"line":75,"column":28},"end":{"line":75,"column":36}},{"start":{"line":75,"column":40},"end":{"line":75,"column":42}}],"line":75},"16":{"loc":{"start":{"line":77,"column":12},"end":{"line":79,"column":13}},"type":"if","locations":[{"start":{"line":77,"column":12},"end":{"line":79,"column":13}},{"start":{},"end":{}}],"line":77},"17":{"loc":{"start":{"line":92,"column":8},"end":{"line":94,"column":9}},"type":"if","locations":[{"start":{"line":92,"column":8},"end":{"line":94,"column":9}},{"start":{},"end":{}}],"line":92},"18":{"loc":{"start":{"line":97,"column":8},"end":{"line":106,"column":9}},"type":"if","locations":[{"start":{"line":97,"column":8},"end":{"line":106,"column":9}},{"start":{"line":103,"column":15},"end":{"line":106,"column":9}}],"line":97},"19":{"loc":{"start":{"line":99,"column":12},"end":{"line":102,"column":13}},"type":"if","locations":[{"start":{"line":99,"column":12},"end":{"line":102,"column":13}},{"start":{},"end":{}}],"line":99}},"s":{"0":2,"1":2,"2":2,"3":2,"4":1,"5":1,"6":1,"7":1,"8":1,"9":0,"10":2,"11":3,"12":3,"13":3,"14":1,"15":2,"16":2,"17":2,"18":2,"19":1,"20":2,"21":0,"22":2,"23":2,"24":2,"25":2,"26":2,"27":2,"28":1,"29":2,"30":0,"31":2,"32":1,"33":2,"34":0,"35":2,"36":0,"37":2,"38":0,"39":2,"40":2,"41":1,"42":1,"43":0,"44":0,"45":0,"46":0,"47":1,"48":0,"49":2,"50":2,"51":2,"52":2,"53":2,"54":1,"55":1,"56":1,"57":0,"58":0,"59":0,"60":0,"61":1,"62":1,"63":1,"64":0,"65":2},"f":{"0":1,"1":1,"2":3,"3":2,"4":2},"b":{"0":[1,1],"1":[1,2],"2":[3,2,2],"3":[2,2],"4":[2,2],"5":[1,1],"6":[1,1],"7":[0,2],"8":[1,1],"9":[0,2],"10":[0,2],"11":[0,2],"12":[1,1],"13":[0,1],"14":[1,0],"15":[0,0],"16":[0,0],"17":[1,1],"18":[0,1],"19":[0,0]},"_coverageSchema":"1a1c01bbd47fc00a2c39e90264f33305004495a9","hash":"256e87482a3994a4df0b2ff896add82ea1ac76ed"}
,"D:\\School\\COSC4353\\backend\\src\\middleware\\authMiddleware.js": {"path":"D:\\School\\COSC4353\\backend\\src\\middleware\\authMiddleware.js","statementMap":{"0":{"start":{"line":1,"column":12},"end":{"line":1,"column":35}},"1":{"start":{"line":3,"column":23},"end":{"line":3,"column":50}},"2":{"start":{"line":5,"column":21},"end":{"line":5,"column":67}},"3":{"start":{"line":5,"column":27},"end":{"line":5,"column":67}},"4":{"start":{"line":7,"column":27},"end":{"line":18,"column":1}},"5":{"start":{"line":8,"column":4},"end":{"line":10,"column":5}},"6":{"start":{"line":9,"column":8},"end":{"line":9,"column":20}},"7":{"start":{"line":12,"column":28},"end":{"line":12,"column":58}},"8":{"start":{"line":13,"column":4},"end":{"line":15,"column":5}},"9":{"start":{"line":14,"column":8},"end":{"line":14,"column":20}},"10":{"start":{"line":17,"column":4},"end":{"line":17,"column":17}},"11":{"start":{"line":20,"column":26},"end":{"line":44,"column":1}},"12":{"start":{"line":21,"column":18},"end":{"line":21,"column":63}},"13":{"start":{"line":23,"column":4},"end":{"line":28,"column":5}},"14":{"start":{"line":24,"column":8},"end":{"line":27,"column":11}},"15":{"start":{"line":30,"column":4},"end":{"line":43,"column":5}},"16":{"start":{"line":31,"column":24},"end":{"line":31,"column":57}},"17":{"start":{"line":32,"column":8},"end":{"line":36,"column":10}},"18":{"start":{"line":37,"column":8},"end":{"line":37,"column":15}},"19":{"start":{"line":39,"column":8},"end":{"line":42,"column":11}},"20":{"start":{"line":46,"column":23},"end":{"line":55,"column":1}},"21":{"start":{"line":46,"column":44},"end":{"line":55,"column":1}},"22":{"start":{"line":47,"column":4},"end":{"line":52,"column":5}},"23":{"start":{"line":48,"column":8},"end":{"line":51,"column":11}},"24":{"start":{"line":54,"column":4},"end":{"line":54,"column":11}},"25":{"start":{"line":57,"column":0},"end":{"line":61,"column":2}}},"fnMap":{"0":{"name":"(anonymous_0)","decl":{"start":{"line":5,"column":21},"end":{"line":5,"column":22}},"loc":{"start":{"line":5,"column":27},"end":{"line":5,"column":67}},"line":5},"1":{"name":"(anonymous_1)","decl":{"start":{"line":7,"column":27},"end":{"line":7,"column":28}},"loc":{"start":{"line":7,"column":57},"end":{"line":18,"column":1}},"line":7},"2":{"name":"(anonymous_2)","decl":{"start":{"line":20,"column":26},"end":{"line":20,"column":27}},"loc":{"start":{"line":20,"column":46},"end":{"line":44,"column":1}},"line":20},"3":{"name":"(anonymous_3)","decl":{"start":{"line":46,"column":23},"end":{"line":46,"column":24}},"loc":{"start":{"line":46,"column":44},"end":{"line":55,"column":1}},"line":46},"4":{"name":"(anonymous_4)","decl":{"start":{"line":46,"column":44},"end":{"line":46,"column":45}},"loc":{"start":{"line":46,"column":64},"end":{"line":55,"column":1}},"line":46}},"branchMap":{"0":{"loc":{"start":{"line":5,"column":27},"end":{"line":5,"column":67}},"type":"binary-expr","locations":[{"start":{"line":5,"column":27},"end":{"line":5,"column":49}},{"start":{"line":5,"column":53},"end":{"line":5,"column":67}}],"line":5},"1":{"loc":{"start":{"line":7,"column":28},"end":{"line":7,"column":52}},"type":"default-arg","locations":[{"start":{"line":7,"column":50},"end":{"line":7,"column":52}}],"line":7},"2":{"loc":{"start":{"line":8,"column":4},"end":{"line":10,"column":5}},"type":"if","locations":[{"start":{"line":8,"column":4},"end":{"line":10,"column":5}},{"start":{},"end":{}}],"line":8},"3":{"loc":{"start":{"line":13,"column":4},"end":{"line":15,"column":5}},"type":"if","locations":[{"start":{"line":13,"column":4},"end":{"line":15,"column":5}},{"start":{},"end":{}}],"line":13},"4":{"loc":{"start":{"line":13,"column":8},"end":{"line":13,"column":37}},"type":"binary-expr","locations":[{"start":{"line":13,"column":8},"end":{"line":13,"column":27}},{"start":{"line":13,"column":31},"end":{"line":13,"column":37}}],"line":13},"5":{"loc":{"start":{"line":23,"column":4},"end":{"line":28,"column":5}},"type":"if","locations":[{"start":{"line":23,"column":4},"end":{"line":28,"column":5}},{"start":{},"end":{}}],"line":23},"6":{"loc":{"start":{"line":47,"column":4},"end":{"line":52,"column":5}},"type":"if","locations":[{"start":{"line":47,"column":4},"end":{"line":52,"column":5}},{"start":{},"end":{}}],"line":47},"7":{"loc":{"start":{"line":47,"column":8},"end":{"line":47,"column":64}},"type":"binary-expr","locations":[{"start":{"line":47,"column":8},"end":{"line":47,"column":23}},{"start":{"line":47,"column":27},"end":{"line":47,"column":64}}],"line":47}},"s":{"0":6,"1":6,"2":6,"3":53,"4":6,"5":52,"6":0,"7":52,"8":52,"9":0,"10":52,"11":6,"12":52,"13":52,"14":0,"15":52,"16":52,"17":52,"18":52,"19":0,"20":6,"21":25,"22":52,"23":0,"24":52,"25":6},"f":{"0":53,"1":52,"2":52,"3":25,"4":52},"b":{"0":[53,53],"1":[0],"2":[0,52],"3":[0,52],"4":[52,52],"5":[0,52],"6":[0,52],"7":[52,52]},"_coverageSchema":"1a1c01bbd47fc00a2c39e90264f33305004495a9","hash":"34b66b2d4b8696a96b61f09d81da2e1f8988e679"}
,"D:\\School\\COSC4353\\backend\\src\\models\\feedback.js": {"path":"D:\\School\\COSC4353\\backend\\src\\models\\feedback.js","statementMap":{"0":{"start":{"line":1,"column":17},"end":{"line":1,"column":36}},"1":{"start":{"line":3,"column":23},"end":{"line":20,"column":1}},"2":{"start":{"line":22,"column":0},"end":{"line":23,"column":73}}},"fnMap":{},"branchMap":{"0":{"loc":{"start":{"line":23,"column":2},"end":{"line":23,"column":72}},"type":"binary-expr","locations":[{"start":{"line":23,"column":2},"end":{"line":23,"column":26}},{"start":{"line":23,"column":30},"end":{"line":23,"column":72}}],"line":23}},"s":{"0":1,"1":1,"2":1},"f":{},"b":{"0":[1,1]},"_coverageSchema":"1a1c01bbd47fc00a2c39e90264f33305004495a9","hash":"f417485b38a554e77adf13264bc92b163462d743"}
,"D:\\School\\COSC4353\\backend\\src\\models\\history.js": {"path":"D:\\School\\COSC4353\\backend\\src\\models\\history.js","statementMap":{"0":{"start":{"line":1,"column":17},"end":{"line":1,"column":36}},"1":{"start":{"line":3,"column":22},"end":{"line":33,"column":2}},"2":{"start":{"line":35,"column":0},"end":{"line":35,"column":85}}},"fnMap":{},"branchMap":{"0":{"loc":{"start":{"line":35,"column":17},"end":{"line":35,"column":84}},"type":"binary-expr","locations":[{"start":{"line":35,"column":17},"end":{"line":35,"column":40}},{"start":{"line":35,"column":44},"end":{"line":35,"column":84}}],"line":35}},"s":{"0":2,"1":2,"2":2},"f":{},"b":{"0":[2,2]},"_coverageSchema":"1a1c01bbd47fc00a2c39e90264f33305004495a9","hash":"0a4044d1eb3759481a27b3643c9fecedc59e5daf"}
,"D:\\School\\COSC4353\\backend\\src\\models\\notification.js": {"path":"D:\\School\\COSC4353\\backend\\src\\models\\notification.js","statementMap":{"0":{"start":{"line":1,"column":17},"end":{"line":1,"column":36}},"1":{"start":{"line":3,"column":27},"end":{"line":38,"column":2}},"2":{"start":{"line":40,"column":0},"end":{"line":40,"column":100}}},"fnMap":{},"branchMap":{"0":{"loc":{"start":{"line":40,"column":17},"end":{"line":40,"column":99}},"type":"binary-expr","locations":[{"start":{"line":40,"column":17},"end":{"line":40,"column":45}},{"start":{"line":40,"column":49},"end":{"line":40,"column":99}}],"line":40}},"s":{"0":1,"1":1,"2":1},"f":{},"b":{"0":[1,1]},"_coverageSchema":"1a1c01bbd47fc00a2c39e90264f33305004495a9","hash":"a01a5b49f7969f4247df252ad69c9e2c0b1a91d7"}
,"D:\\School\\COSC4353\\backend\\src\\models\\queue.js": {"path":"D:\\School\\COSC4353\\backend\\src\\models\\queue.js","statementMap":{"0":{"start":{"line":1,"column":17},"end":{"line":1,"column":36}},"1":{"start":{"line":3,"column":20},"end":{"line":20,"column":1}},"2":{"start":{"line":22,"column":0},"end":{"line":22,"column":78}}},"fnMap":{},"branchMap":{"0":{"loc":{"start":{"line":22,"column":17},"end":{"line":22,"column":78}},"type":"binary-expr","locations":[{"start":{"line":22,"column":17},"end":{"line":22,"column":38}},{"start":{"line":22,"column":42},"end":{"line":22,"column":78}}],"line":22}},"s":{"0":2,"1":2,"2":2},"f":{},"b":{"0":[2,2]},"_coverageSchema":"1a1c01bbd47fc00a2c39e90264f33305004495a9","hash":"f3f468f7646c61c570a212840e360217d420623f"}
,"D:\\School\\COSC4353\\backend\\src\\models\\queueEntry.js": {"path":"D:\\School\\COSC4353\\backend\\src\\models\\queueEntry.js","statementMap":{"0":{"start":{"line":1,"column":17},"end":{"line":1,"column":36}},"1":{"start":{"line":3,"column":25},"end":{"line":51,"column":2}},"2":{"start":{"line":53,"column":0},"end":{"line":53,"column":64}}},"fnMap":{},"branchMap":{},"s":{"0":3,"1":3,"2":3},"f":{},"b":{},"_coverageSchema":"1a1c01bbd47fc00a2c39e90264f33305004495a9","hash":"84827f47f71ee5aa1e52563d18fb7aa903f5739e"}
,"D:\\School\\COSC4353\\backend\\src\\models\\service.js": {"path":"D:\\School\\COSC4353\\backend\\src\\models\\service.js","statementMap":{"0":{"start":{"line":1,"column":17},"end":{"line":1,"column":36}},"1":{"start":{"line":3,"column":23},"end":{"line":54,"column":1}},"2":{"start":{"line":56,"column":0},"end":{"line":56,"column":84}}},"fnMap":{},"branchMap":{"0":{"loc":{"start":{"line":56,"column":17},"end":{"line":56,"column":84}},"type":"binary-expr","locations":[{"start":{"line":56,"column":17},"end":{"line":56,"column":40}},{"start":{"line":56,"column":44},"end":{"line":56,"column":84}}],"line":56}},"s":{"0":2,"1":2,"2":2},"f":{},"b":{"0":[2,2]},"_coverageSchema":"1a1c01bbd47fc00a2c39e90264f33305004495a9","hash":"a118e3843b1b320867f6028562b422b684bc746d"}
,"D:\\School\\COSC4353\\backend\\src\\models\\userCredentials.js": {"path":"D:\\School\\COSC4353\\backend\\src\\models\\userCredentials.js","statementMap":{"0":{"start":{"line":1,"column":17},"end":{"line":1,"column":36}},"1":{"start":{"line":3,"column":30},"end":{"line":28,"column":1}},"2":{"start":{"line":30,"column":0},"end":{"line":30,"column":109}}},"fnMap":{},"branchMap":{"0":{"loc":{"start":{"line":30,"column":17},"end":{"line":30,"column":108}},"type":"binary-expr","locations":[{"start":{"line":30,"column":17},"end":{"line":30,"column":48}},{"start":{"line":30,"column":52},"end":{"line":30,"column":108}}],"line":30}},"s":{"0":1,"1":1,"2":1},"f":{},"b":{"0":[1,1]},"_coverageSchema":"1a1c01bbd47fc00a2c39e90264f33305004495a9","hash":"27bdaff738413abb513048942ebbc4c6e790053a"}
,"D:\\School\\COSC4353\\backend\\src\\models\\userProfile.js": {"path":"D:\\School\\COSC4353\\backend\\src\\models\\userProfile.js","statementMap":{"0":{"start":{"line":1,"column":17},"end":{"line":1,"column":36}},"1":{"start":{"line":3,"column":26},"end":{"line":40,"column":1}},"2":{"start":{"line":42,"column":0},"end":{"line":42,"column":97}}},"fnMap":{},"branchMap":{"0":{"loc":{"start":{"line":42,"column":17},"end":{"line":42,"column":96}},"type":"binary-expr","locations":[{"start":{"line":42,"column":17},"end":{"line":42,"column":44}},{"start":{"line":42,"column":48},"end":{"line":42,"column":96}}],"line":42}},"s":{"0":1,"1":1,"2":1},"f":{},"b":{"0":[1,1]},"_coverageSchema":"1a1c01bbd47fc00a2c39e90264f33305004495a9","hash":"2a243740debe4e4ab4801e05c1ed2b2ce5630faa"}
,"D:\\School\\COSC4353\\backend\\src\\routes\\authRoutes.js": {"path":"D:\\School\\COSC4353\\backend\\src\\routes\\authRoutes.js","statementMap":{"0":{"start":{"line":1,"column":16},"end":{"line":1,"column":34}},"1":{"start":{"line":2,"column":15},"end":{"line":2,"column":31}},"2":{"start":{"line":4,"column":23},"end":{"line":4,"column":66}},"3":{"start":{"line":6,"column":0},"end":{"line":6,"column":50}},"4":{"start":{"line":7,"column":0},"end":{"line":7,"column":44}},"5":{"start":{"line":9,"column":0},"end":{"line":9,"column":24}}},"fnMap":{},"branchMap":{},"s":{"0":1,"1":1,"2":1,"3":1,"4":1,"5":1},"f":{},"b":{},"_coverageSchema":"1a1c01bbd47fc00a2c39e90264f33305004495a9","hash":"9dbfa35266795ef63b8a47426dd009362baec22a"}
,"D:\\School\\COSC4353\\backend\\src\\routes\\feedbackRoutes.js": {"path":"D:\\School\\COSC4353\\backend\\src\\routes\\feedbackRoutes.js","statementMap":{"0":{"start":{"line":1,"column":16},"end":{"line":1,"column":34}},"1":{"start":{"line":2,"column":15},"end":{"line":2,"column":31}},"2":{"start":{"line":3,"column":17},"end":{"line":3,"column":46}},"3":{"start":{"line":4,"column":46},"end":{"line":4,"column":85}},"4":{"start":{"line":6,"column":0},"end":{"line":19,"column":3}},"5":{"start":{"line":7,"column":2},"end":{"line":18,"column":3}},"6":{"start":{"line":8,"column":32},"end":{"line":8,"column":40}},"7":{"start":{"line":10,"column":24},"end":{"line":13,"column":6}},"8":{"start":{"line":15,"column":4},"end":{"line":15,"column":38}},"9":{"start":{"line":17,"column":4},"end":{"line":17,"column":51}},"10":{"start":{"line":21,"column":0},"end":{"line":28,"column":3}},"11":{"start":{"line":22,"column":2},"end":{"line":27,"column":3}},"12":{"start":{"line":23,"column":22},"end":{"line":23,"column":67}},"13":{"start":{"line":24,"column":4},"end":{"line":24,"column":24}},"14":{"start":{"line":26,"column":4},"end":{"line":26,"column":51}},"15":{"start":{"line":30,"column":0},"end":{"line":30,"column":24}}},"fnMap":{"0":{"name":"(anonymous_0)","decl":{"start":{"line":6,"column":69},"end":{"line":6,"column":70}},"loc":{"start":{"line":6,"column":89},"end":{"line":19,"column":1}},"line":6},"1":{"name":"(anonymous_1)","decl":{"start":{"line":21,"column":60},"end":{"line":21,"column":61}},"loc":{"start":{"line":21,"column":80},"end":{"line":28,"column":1}},"line":21}},"branchMap":{"0":{"loc":{"start":{"line":12,"column":15},"end":{"line":12,"column":28}},"type":"binary-expr","locations":[{"start":{"line":12,"column":15},"end":{"line":12,"column":22}},{"start":{"line":12,"column":26},"end":{"line":12,"column":28}}],"line":12}},"s":{"0":1,"1":1,"2":1,"3":1,"4":1,"5":2,"6":2,"7":2,"8":1,"9":1,"10":1,"11":2,"12":2,"13":1,"14":1,"15":1},"f":{"0":2,"1":2},"b":{"0":[2,1]},"_coverageSchema":"1a1c01bbd47fc00a2c39e90264f33305004495a9","hash":"edaced2507c5dce40786d65afe38c0831d04e479"}
,"D:\\School\\COSC4353\\backend\\src\\routes\\historyRoutes.js": {"path":"D:\\School\\COSC4353\\backend\\src\\routes\\historyRoutes.js","statementMap":{"0":{"start":{"line":1,"column":16},"end":{"line":1,"column":34}},"1":{"start":{"line":2,"column":15},"end":{"line":2,"column":31}},"2":{"start":{"line":3,"column":46},"end":{"line":3,"column":85}},"3":{"start":{"line":5,"column":82},"end":{"line":5,"column":125}},"4":{"start":{"line":8,"column":0},"end":{"line":8,"column":31}},"5":{"start":{"line":11,"column":0},"end":{"line":11,"column":81}},"6":{"start":{"line":14,"column":0},"end":{"line":14,"column":99}},"7":{"start":{"line":17,"column":0},"end":{"line":17,"column":89}},"8":{"start":{"line":19,"column":0},"end":{"line":19,"column":24}}},"fnMap":{},"branchMap":{},"s":{"0":1,"1":1,"2":1,"3":1,"4":1,"5":1,"6":1,"7":1,"8":1},"f":{},"b":{},"_coverageSchema":"1a1c01bbd47fc00a2c39e90264f33305004495a9","hash":"479a85f5b566b51a969bb96289cca9c1e926cede"}
,"D:\\School\\COSC4353\\backend\\src\\routes\\notificationRoutes.js": {"path":"D:\\School\\COSC4353\\backend\\src\\routes\\notificationRoutes.js","statementMap":{"0":{"start":{"line":1,"column":16},"end":{"line":1,"column":34}},"1":{"start":{"line":2,"column":15},"end":{"line":2,"column":31}},"2":{"start":{"line":3,"column":46},"end":{"line":3,"column":85}},"3":{"start":{"line":5,"column":95},"end":{"line":5,"column":143}},"4":{"start":{"line":8,"column":0},"end":{"line":8,"column":81}},"5":{"start":{"line":11,"column":0},"end":{"line":11,"column":103}},"6":{"start":{"line":14,"column":0},"end":{"line":14,"column":94}},"7":{"start":{"line":17,"column":0},"end":{"line":17,"column":89}},"8":{"start":{"line":19,"column":0},"end":{"line":19,"column":24}}},"fnMap":{},"branchMap":{},"s":{"0":1,"1":1,"2":1,"3":1,"4":1,"5":1,"6":1,"7":1,"8":1},"f":{},"b":{},"_coverageSchema":"1a1c01bbd47fc00a2c39e90264f33305004495a9","hash":"aa61f008a678c0e29957310cebe35f381418a88b"}
,"D:\\School\\COSC4353\\backend\\src\\routes\\queueRoutes.js": {"path":"D:\\School\\COSC4353\\backend\\src\\routes\\queueRoutes.js","statementMap":{"0":{"start":{"line":2,"column":16},"end":{"line":2,"column":34}},"1":{"start":{"line":3,"column":15},"end":{"line":3,"column":31}},"2":{"start":{"line":4,"column":46},"end":{"line":4,"column":85}},"3":{"start":{"line":7,"column":121},"end":{"line":7,"column":162}},"4":{"start":{"line":11,"column":0},"end":{"line":11,"column":90}},"5":{"start":{"line":14,"column":0},"end":{"line":14,"column":82}},"6":{"start":{"line":17,"column":0},"end":{"line":17,"column":92}},"7":{"start":{"line":20,"column":0},"end":{"line":20,"column":97}},"8":{"start":{"line":23,"column":0},"end":{"line":23,"column":103}},"9":{"start":{"line":26,"column":0},"end":{"line":26,"column":95}},"10":{"start":{"line":29,"column":0},"end":{"line":29,"column":98}},"11":{"start":{"line":32,"column":0},"end":{"line":32,"column":84}},"12":{"start":{"line":34,"column":0},"end":{"line":34,"column":24}}},"fnMap":{},"branchMap":{},"s":{"0":1,"1":1,"2":1,"3":1,"4":1,"5":1,"6":1,"7":1,"8":1,"9":1,"10":1,"11":1,"12":1},"f":{},"b":{},"_coverageSchema":"1a1c01bbd47fc00a2c39e90264f33305004495a9","hash":"68ecfc72dfd632b01d5310e966b72c056611442f"}
,"D:\\School\\COSC4353\\backend\\src\\routes\\serviceRoutes.js": {"path":"D:\\School\\COSC4353\\backend\\src\\routes\\serviceRoutes.js","statementMap":{"0":{"start":{"line":2,"column":16},"end":{"line":2,"column":34}},"1":{"start":{"line":3,"column":15},"end":{"line":3,"column":31}},"2":{"start":{"line":4,"column":46},"end":{"line":4,"column":85}},"3":{"start":{"line":7,"column":68},"end":{"line":7,"column":111}},"4":{"start":{"line":10,"column":0},"end":{"line":10,"column":80}},"5":{"start":{"line":13,"column":0},"end":{"line":13,"column":76}},"6":{"start":{"line":16,"column":0},"end":{"line":16,"column":78}},"7":{"start":{"line":19,"column":0},"end":{"line":19,"column":81}},"8":{"start":{"line":21,"column":0},"end":{"line":21,"column":24}}},"fnMap":{},"branchMap":{},"s":{"0":2,"1":2,"2":2,"3":2,"4":2,"5":2,"6":2,"7":2,"8":2},"f":{},"b":{},"_coverageSchema":"1a1c01bbd47fc00a2c39e90264f33305004495a9","hash":"6d124509096a7954d94861eb2cc4ea3bae22935e"}
}
