TN:
SF:src\controllers\authController.js
FN:12,(anonymous_0)
FN:14,(anonymous_1)
FN:96,(anonymous_2)
FN:97,(anonymous_3)
FN:112,(anonymous_4)
FNF:5
FNH:3
FNDA:44,(anonymous_0)
FNDA:10,(anonymous_1)
FNDA:0,(anonymous_2)
FNDA:0,(anonymous_3)
FNDA:3,(anonymous_4)
DA:1,1
DA:2,1
DA:3,1
DA:4,1
DA:5,1
DA:7,1
DA:8,1
DA:9,1
DA:10,1
DA:12,44
DA:14,1
DA:15,10
DA:17,10
DA:18,1
DA:23,9
DA:24,9
DA:25,9
DA:27,9
DA:28,1
DA:33,8
DA:34,0
DA:39,8
DA:40,1
DA:45,7
DA:46,1
DA:51,6
DA:52,6
DA:53,1
DA:58,5
DA:60,5
DA:61,1
DA:66,4
DA:67,4
DA:69,4
DA:70,4
DA:76,3
DA:77,3
DA:85,2
DA:95,2
DA:96,1
DA:97,1
DA:100,2
DA:101,1
DA:106,1
DA:112,1
DA:113,3
DA:115,3
DA:116,1
DA:121,2
DA:122,2
DA:124,2
DA:125,1
DA:130,1
DA:132,1
DA:133,0
DA:138,1
DA:148,1
LF:57
LH:55
BRDA:12,0,0,44
BRDA:12,0,1,42
BRDA:17,1,0,1
BRDA:17,1,1,9
BRDA:17,2,0,10
BRDA:17,2,1,10
BRDA:17,2,2,9
BRDA:17,2,3,9
BRDA:27,3,0,1
BRDA:27,3,1,8
BRDA:27,4,0,9
BRDA:27,4,1,8
BRDA:33,5,0,0
BRDA:33,5,1,8
BRDA:33,6,0,8
BRDA:33,6,1,8
BRDA:39,7,0,1
BRDA:39,7,1,7
BRDA:45,8,0,1
BRDA:45,8,1,6
BRDA:52,9,0,1
BRDA:52,9,1,5
BRDA:60,10,0,1
BRDA:60,10,1,4
BRDA:95,11,0,1
BRDA:95,11,1,1
BRDA:100,12,0,1
BRDA:100,12,1,1
BRDA:115,13,0,1
BRDA:115,13,1,2
BRDA:115,14,0,3
BRDA:115,14,1,3
BRDA:124,15,0,1
BRDA:124,15,1,1
BRDA:132,16,0,0
BRDA:132,16,1,1
BRF:36
BRH:34
end_of_record
TN:
SF:src\controllers\historyController.js
FN:4,(anonymous_0)
FN:17,(anonymous_1)
FN:30,(anonymous_2)
FN:43,(anonymous_3)
FN:51,(anonymous_4)
FN:58,(anonymous_5)
FN:65,(anonymous_6)
FN:79,(anonymous_7)
FN:80,(anonymous_8)
FN:82,(anonymous_9)
FN:89,(anonymous_10)
FN:95,(anonymous_11)
FN:106,(anonymous_12)
FNF:13
FNH:12
FNDA:1,(anonymous_0)
FNDA:1,(anonymous_1)
FNDA:1,(anonymous_2)
FNDA:1,(anonymous_3)
FNDA:2,(anonymous_4)
FNDA:1,(anonymous_5)
FNDA:3,(anonymous_6)
FNDA:4,(anonymous_7)
FNDA:4,(anonymous_8)
FNDA:1,(anonymous_9)
FNDA:1,(anonymous_10)
FNDA:1,(anonymous_11)
FNDA:0,(anonymous_12)
DA:1,1
DA:4,1
DA:5,1
DA:12,1
DA:13,1
DA:17,1
DA:18,1
DA:25,1
DA:26,1
DA:30,1
DA:31,1
DA:38,1
DA:39,1
DA:43,1
DA:44,1
DA:45,1
DA:46,1
DA:47,1
DA:51,1
DA:52,2
DA:53,2
DA:54,2
DA:58,1
DA:59,1
DA:60,1
DA:61,1
DA:65,1
DA:66,3
DA:67,3
DA:70,2
DA:71,2
DA:72,4
DA:73,1
DA:75,4
DA:79,4
DA:80,4
DA:81,2
DA:82,1
DA:83,1
DA:84,1
DA:85,1
DA:89,2
DA:95,1
DA:99,2
DA:101,1
DA:106,1
DA:107,0
DA:110,1
LF:48
LH:47
BRDA:12,0,0,1
BRDA:12,0,1,1
BRDA:25,1,0,1
BRDA:25,1,1,1
BRDA:38,2,0,1
BRDA:38,2,1,1
BRDA:44,3,0,1
BRDA:44,3,1,1
BRDA:46,4,0,0
BRDA:46,4,1,1
BRDA:72,5,0,1
BRDA:72,5,1,3
BRDA:82,6,0,1
BRDA:82,6,1,1
BRDA:83,7,0,1
BRDA:83,7,1,0
BRDA:94,8,0,1
BRDA:94,8,1,0
BRF:18
BRH:15
end_of_record
TN:
SF:src\controllers\notificationController.js
FN:5,(anonymous_0)
FN:19,(anonymous_1)
FN:33,(anonymous_2)
FN:39,(anonymous_3)
FN:46,(anonymous_4)
FN:60,(anonymous_5)
FN:94,(anonymous_6)
FNF:7
FNH:6
FNDA:1,(anonymous_0)
FNDA:1,(anonymous_1)
FNDA:1,(anonymous_2)
FNDA:2,(anonymous_3)
FNDA:2,(anonymous_4)
FNDA:3,(anonymous_5)
FNDA:0,(anonymous_6)
DA:1,1
DA:2,1
DA:5,1
DA:6,1
DA:14,1
DA:15,1
DA:19,1
DA:20,1
DA:28,1
DA:29,1
DA:33,1
DA:34,1
DA:35,1
DA:39,1
DA:40,2
DA:41,2
DA:42,2
DA:46,1
DA:47,2
DA:48,2
DA:53,2
DA:54,1
DA:56,1
DA:60,1
DA:61,3
DA:62,3
DA:64,3
DA:65,1
DA:68,2
DA:69,2
DA:70,1
DA:73,1
DA:74,1
DA:75,2
DA:83,2
DA:84,2
DA:87,1
DA:89,0
DA:94,1
DA:95,0
DA:98,1
LF:41
LH:39
BRDA:53,0,0,1
BRDA:53,0,1,1
BRDA:64,1,0,1
BRDA:64,1,1,2
BRDA:64,2,0,3
BRDA:64,2,1,3
BRDA:64,2,2,2
BRDA:69,3,0,1
BRDA:69,3,1,1
BRF:9
BRH:9
end_of_record
TN:
SF:src\controllers\queueController.js
FN:10,(anonymous_0)
FN:12,(anonymous_1)
FN:25,(anonymous_2)
FN:27,(anonymous_3)
FN:42,(anonymous_4)
FN:45,(anonymous_5)
FN:68,(anonymous_6)
FN:96,(anonymous_7)
FN:101,(anonymous_8)
FN:129,(anonymous_9)
FN:134,(anonymous_10)
FN:181,(anonymous_11)
FN:222,(anonymous_12)
FN:230,(anonymous_13)
FN:271,(anonymous_14)
FN:279,(anonymous_15)
FN:309,(anonymous_16)
FN:317,(anonymous_17)
FN:399,(anonymous_18)
FN:437,(anonymous_19)
FN:447,(anonymous_20)
FNF:21
FNH:15
FNDA:22,(anonymous_0)
FNDA:13,(anonymous_1)
FNDA:11,(anonymous_2)
FNDA:2,(anonymous_3)
FNDA:2,(anonymous_4)
FNDA:3,(anonymous_5)
FNDA:0,(anonymous_6)
FNDA:0,(anonymous_7)
FNDA:3,(anonymous_8)
FNDA:1,(anonymous_9)
FNDA:0,(anonymous_10)
FNDA:4,(anonymous_11)
FNDA:0,(anonymous_12)
FNDA:2,(anonymous_13)
FNDA:2,(anonymous_14)
FNDA:2,(anonymous_15)
FNDA:0,(anonymous_16)
FNDA:8,(anonymous_17)
FNDA:5,(anonymous_18)
FNDA:2,(anonymous_19)
FNDA:0,(anonymous_20)
DA:1,1
DA:2,1
DA:3,1
DA:4,1
DA:5,1
DA:7,1
DA:8,1
DA:10,22
DA:12,1
DA:13,13
DA:14,13
DA:15,12
DA:18,1
DA:19,0
DA:22,1
DA:25,1
DA:26,11
DA:27,11
DA:28,2
DA:29,2
DA:30,2
DA:31,2
DA:34,11
DA:35,5
DA:38,11
DA:42,1
DA:43,2
DA:44,2
DA:45,3
DA:46,2
DA:50,2
DA:51,2
DA:53,2
DA:54,3
DA:55,3
DA:56,3
DA:58,3
DA:61,2
DA:62,3
DA:67,3
DA:68,0
DA:71,3
DA:72,3
DA:74,3
DA:75,0
DA:76,0
DA:79,0
DA:80,0
DA:81,0
DA:83,0
DA:84,0
DA:89,3
DA:92,3
DA:95,3
DA:96,0
DA:100,3
DA:101,3
DA:103,3
DA:105,3
DA:107,3
DA:114,3
DA:116,3
DA:117,3
DA:121,2
DA:123,0
DA:129,1
DA:130,1
DA:132,1
DA:133,1
DA:134,1
DA:137,1
DA:138,1
DA:139,1
DA:140,1
DA:141,1
DA:142,1
DA:144,1
DA:145,1
DA:155,1
DA:156,0
DA:161,1
DA:162,1
DA:163,1
DA:164,0
DA:167,1
DA:168,0
DA:169,0
DA:170,0
DA:174,1
DA:176,0
DA:181,1
DA:182,4
DA:183,4
DA:184,4
DA:185,4
DA:186,1
DA:190,3
DA:191,3
DA:192,0
DA:196,3
DA:203,3
DA:204,1
DA:208,2
DA:211,2
DA:212,2
DA:213,2
DA:215,2
DA:218,2
DA:222,0
DA:225,0
DA:230,1
DA:231,2
DA:232,2
DA:233,2
DA:234,2
DA:235,2
DA:236,0
DA:240,2
DA:241,2
DA:242,0
DA:246,2
DA:247,2
DA:248,1
DA:253,1
DA:254,1
DA:255,0
DA:256,0
DA:260,1
DA:261,1
DA:262,1
DA:263,1
DA:267,1
DA:268,1
DA:271,2
DA:274,0
DA:279,1
DA:280,2
DA:281,2
DA:282,2
DA:283,2
DA:284,0
DA:288,2
DA:289,2
DA:290,0
DA:294,2
DA:301,2
DA:303,2
DA:306,2
DA:309,0
DA:312,0
DA:317,1
DA:318,8
DA:319,8
DA:320,8
DA:322,8
DA:323,1
DA:327,7
DA:328,7
DA:329,0
DA:331,7
DA:334,7
DA:337,7
DA:338,0
DA:341,7
DA:342,0
DA:345,7
DA:351,7
DA:357,7
DA:358,0
DA:361,7
DA:362,7
DA:364,7
DA:375,7
DA:378,7
DA:380,7
DA:382,7
DA:391,0
DA:399,1
DA:400,5
DA:401,5
DA:402,5
DA:403,5
DA:404,5
DA:405,0
DA:408,5
DA:409,5
DA:410,1
DA:413,4
DA:414,4
DA:415,1
DA:418,3
DA:419,0
DA:420,3
DA:421,1
DA:422,2
DA:423,1
DA:424,1
DA:425,1
DA:426,1
DA:429,3
DA:430,3
DA:432,0
DA:437,1
DA:438,2
DA:439,2
DA:440,2
DA:442,0
DA:447,1
DA:448,0
DA:451,1
LF:210
LH:171
BRDA:10,0,0,22
BRDA:10,0,1,22
BRDA:14,1,0,12
BRDA:14,1,1,1
BRDA:18,2,0,0
BRDA:18,2,1,1
BRDA:28,3,0,2
BRDA:28,3,1,2
BRDA:29,4,0,2
BRDA:29,4,1,2
BRDA:30,5,0,0
BRDA:30,5,1,2
BRDA:44,6,0,2
BRDA:44,6,1,0
BRDA:55,7,0,3
BRDA:55,7,1,0
BRDA:68,8,0,0
BRDA:68,8,1,0
BRDA:75,9,0,0
BRDA:75,9,1,0
BRDA:79,10,0,0
BRDA:79,10,1,0
BRDA:79,11,0,0
BRDA:79,11,1,0
BRDA:83,12,0,0
BRDA:83,12,1,0
BRDA:95,13,0,0
BRDA:95,13,1,3
BRDA:100,14,0,3
BRDA:100,14,1,0
BRDA:101,15,0,3
BRDA:101,15,1,0
BRDA:103,16,0,3
BRDA:103,16,1,3
BRDA:111,17,0,0
BRDA:111,17,1,3
BRDA:133,18,0,1
BRDA:133,18,1,1
BRDA:139,19,0,1
BRDA:139,19,1,1
BRDA:140,20,0,1
BRDA:140,20,1,1
BRDA:141,21,0,1
BRDA:141,21,1,1
BRDA:141,21,2,1
BRDA:142,22,0,1
BRDA:142,22,1,1
BRDA:144,23,0,1
BRDA:144,23,1,0
BRDA:155,24,0,0
BRDA:155,24,1,1
BRDA:169,25,0,0
BRDA:169,25,1,0
BRDA:185,26,0,1
BRDA:185,26,1,3
BRDA:191,27,0,0
BRDA:191,27,1,3
BRDA:203,28,0,1
BRDA:203,28,1,2
BRDA:208,29,0,2
BRDA:208,29,1,2
BRDA:212,30,0,0
BRDA:212,30,1,2
BRDA:212,31,0,0
BRDA:212,31,1,0
BRDA:213,32,0,0
BRDA:213,32,1,2
BRDA:213,33,0,0
BRDA:213,33,1,0
BRDA:235,34,0,0
BRDA:235,34,1,2
BRDA:241,35,0,0
BRDA:241,35,1,2
BRDA:247,36,0,1
BRDA:247,36,1,1
BRDA:253,37,0,1
BRDA:253,37,1,0
BRDA:255,38,0,0
BRDA:255,38,1,0
BRDA:260,39,0,1
BRDA:260,39,1,0
BRDA:283,40,0,0
BRDA:283,40,1,2
BRDA:289,41,0,0
BRDA:289,41,1,2
BRDA:301,42,0,2
BRDA:301,42,1,0
BRDA:301,43,0,2
BRDA:301,43,1,2
BRDA:322,44,0,1
BRDA:322,44,1,7
BRDA:322,45,0,8
BRDA:322,45,1,7
BRDA:322,45,2,7
BRDA:328,46,0,0
BRDA:328,46,1,7
BRDA:337,47,0,0
BRDA:337,47,1,7
BRDA:341,48,0,0
BRDA:341,48,1,7
BRDA:357,49,0,0
BRDA:357,49,1,7
BRDA:370,50,0,7
BRDA:370,50,1,7
BRDA:404,51,0,0
BRDA:404,51,1,5
BRDA:409,52,0,1
BRDA:409,52,1,4
BRDA:414,53,0,1
BRDA:414,53,1,3
BRDA:418,54,0,0
BRDA:418,54,1,3
BRDA:419,55,0,0
BRDA:419,55,1,0
BRDA:420,56,0,1
BRDA:420,56,1,2
BRDA:422,57,0,1
BRDA:422,57,1,1
BRDA:425,58,0,1
BRDA:425,58,1,0
BRF:120
BRH:73
end_of_record
TN:
SF:src\controllers\serviceController.js
FN:6,(anonymous_0)
FN:9,(anonymous_1)
FN:25,(anonymous_2)
FN:50,(anonymous_3)
FN:88,(anonymous_4)
FNF:5
FNH:5
FNDA:1,(anonymous_0)
FNDA:1,(anonymous_1)
FNDA:3,(anonymous_2)
FNDA:2,(anonymous_3)
FNDA:2,(anonymous_4)
DA:1,2
DA:2,2
DA:3,2
DA:6,2
DA:7,1
DA:8,1
DA:9,1
DA:18,1
DA:20,0
DA:25,2
DA:26,3
DA:27,3
DA:30,3
DA:31,1
DA:34,2
DA:37,2
DA:38,2
DA:39,2
DA:40,1
DA:43,2
DA:45,0
DA:50,2
DA:51,2
DA:52,2
DA:53,2
DA:56,2
DA:57,2
DA:58,2
DA:59,2
DA:60,2
DA:61,2
DA:62,2
DA:64,2
DA:70,2
DA:71,1
DA:74,1
DA:75,0
DA:76,0
DA:77,0
DA:78,0
DA:82,1
DA:84,0
DA:88,2
DA:89,2
DA:90,2
DA:91,2
DA:92,2
DA:93,1
DA:95,1
DA:97,1
DA:98,0
DA:99,0
DA:100,0
DA:101,0
DA:104,1
DA:105,1
DA:107,1
DA:109,0
DA:113,2
LF:59
LH:47
BRDA:16,0,0,1
BRDA:16,0,1,1
BRDA:30,1,0,1
BRDA:30,1,1,2
BRDA:30,2,0,3
BRDA:30,2,1,2
BRDA:30,2,2,2
BRDA:34,3,0,2
BRDA:34,3,1,2
BRDA:37,4,0,2
BRDA:37,4,1,2
BRDA:39,5,0,1
BRDA:39,5,1,1
BRDA:57,6,0,1
BRDA:57,6,1,1
BRDA:58,7,0,0
BRDA:58,7,1,2
BRDA:59,8,0,1
BRDA:59,8,1,1
BRDA:60,9,0,0
BRDA:60,9,1,2
BRDA:61,10,0,0
BRDA:61,10,1,2
BRDA:62,11,0,0
BRDA:62,11,1,2
BRDA:70,12,0,1
BRDA:70,12,1,1
BRDA:74,13,0,0
BRDA:74,13,1,1
BRDA:74,14,0,1
BRDA:74,14,1,0
BRDA:75,15,0,0
BRDA:75,15,1,0
BRDA:77,16,0,0
BRDA:77,16,1,0
BRDA:92,17,0,1
BRDA:92,17,1,1
BRDA:97,18,0,0
BRDA:97,18,1,1
BRDA:99,19,0,0
BRDA:99,19,1,0
BRF:41
BRH:28
end_of_record
TN:
SF:src\middleware\authMiddleware.js
FN:5,(anonymous_0)
FN:7,(anonymous_1)
FN:20,(anonymous_2)
FN:46,(anonymous_3)
FN:46,(anonymous_4)
FNF:5
FNH:5
FNDA:53,(anonymous_0)
FNDA:52,(anonymous_1)
FNDA:52,(anonymous_2)
FNDA:25,(anonymous_3)
FNDA:52,(anonymous_4)
DA:1,6
DA:3,6
DA:5,53
DA:7,6
DA:8,52
DA:9,0
DA:12,52
DA:13,52
DA:14,0
DA:17,52
DA:20,6
DA:21,52
DA:23,52
DA:24,0
DA:30,52
DA:31,52
DA:32,52
DA:37,52
DA:39,0
DA:46,25
DA:47,52
DA:48,0
DA:54,52
DA:57,6
LF:24
LH:19
BRDA:5,0,0,53
BRDA:5,0,1,53
BRDA:7,1,0,0
BRDA:8,2,0,0
BRDA:8,2,1,52
BRDA:13,3,0,0
BRDA:13,3,1,52
BRDA:13,4,0,52
BRDA:13,4,1,52
BRDA:23,5,0,0
BRDA:23,5,1,52
BRDA:47,6,0,0
BRDA:47,6,1,52
BRDA:47,7,0,52
BRDA:47,7,1,52
BRF:15
BRH:10
end_of_record
TN:
SF:src\models\feedback.js
FNF:0
FNH:0
DA:1,1
DA:3,1
DA:22,1
LF:3
LH:3
BRDA:23,0,0,1
BRDA:23,0,1,1
BRF:2
BRH:2
end_of_record
TN:
SF:src\models\history.js
FNF:0
FNH:0
DA:1,2
DA:3,2
DA:35,2
LF:3
LH:3
BRDA:35,0,0,2
BRDA:35,0,1,2
BRF:2
BRH:2
end_of_record
TN:
SF:src\models\notification.js
FNF:0
FNH:0
DA:1,1
DA:3,1
DA:40,1
LF:3
LH:3
BRDA:40,0,0,1
BRDA:40,0,1,1
BRF:2
BRH:2
end_of_record
TN:
SF:src\models\queue.js
FNF:0
FNH:0
DA:1,2
DA:3,2
DA:22,2
LF:3
LH:3
BRDA:22,0,0,2
BRDA:22,0,1,2
BRF:2
BRH:2
end_of_record
TN:
SF:src\models\queueEntry.js
FNF:0
FNH:0
DA:1,3
DA:3,3
DA:53,3
LF:3
LH:3
BRF:0
BRH:0
end_of_record
TN:
SF:src\models\service.js
FNF:0
FNH:0
DA:1,2
DA:3,2
DA:56,2
LF:3
LH:3
BRDA:56,0,0,2
BRDA:56,0,1,2
BRF:2
BRH:2
end_of_record
TN:
SF:src\models\userCredentials.js
FNF:0
FNH:0
DA:1,1
DA:3,1
DA:30,1
LF:3
LH:3
BRDA:30,0,0,1
BRDA:30,0,1,1
BRF:2
BRH:2
end_of_record
TN:
SF:src\models\userProfile.js
FNF:0
FNH:0
DA:1,1
DA:3,1
DA:42,1
LF:3
LH:3
BRDA:42,0,0,1
BRDA:42,0,1,1
BRF:2
BRH:2
end_of_record
TN:
SF:src\routes\authRoutes.js
FNF:0
FNH:0
DA:1,1
DA:2,1
DA:4,1
DA:6,1
DA:7,1
DA:9,1
LF:6
LH:6
BRF:0
BRH:0
end_of_record
TN:
SF:src\routes\feedbackRoutes.js
FN:6,(anonymous_0)
FN:21,(anonymous_1)
FNF:2
FNH:2
FNDA:2,(anonymous_0)
FNDA:2,(anonymous_1)
DA:1,1
DA:2,1
DA:3,1
DA:4,1
DA:6,1
DA:7,2
DA:8,2
DA:10,2
DA:15,1
DA:17,1
DA:21,1
DA:22,2
DA:23,2
DA:24,1
DA:26,1
DA:30,1
LF:16
LH:16
BRDA:12,0,0,2
BRDA:12,0,1,1
BRF:2
BRH:2
end_of_record
TN:
SF:src\routes\historyRoutes.js
FNF:0
FNH:0
DA:1,1
DA:2,1
DA:3,1
DA:5,1
DA:8,1
DA:11,1
DA:14,1
DA:17,1
DA:19,1
LF:9
LH:9
BRF:0
BRH:0
end_of_record
TN:
SF:src\routes\notificationRoutes.js
FNF:0
FNH:0
DA:1,1
DA:2,1
DA:3,1
DA:5,1
DA:8,1
DA:11,1
DA:14,1
DA:17,1
DA:19,1
LF:9
LH:9
BRF:0
BRH:0
end_of_record
TN:
SF:src\routes\queueRoutes.js
FNF:0
FNH:0
DA:2,1
DA:3,1
DA:4,1
DA:7,1
DA:11,1
DA:14,1
DA:17,1
DA:20,1
DA:23,1
DA:26,1
DA:29,1
DA:32,1
DA:34,1
LF:13
LH:13
BRF:0
BRH:0
end_of_record
TN:
SF:src\routes\serviceRoutes.js
FNF:0
FNH:0
DA:2,2
DA:3,2
DA:4,2
DA:7,2
DA:10,2
DA:13,2
DA:16,2
DA:19,2
DA:21,2
LF:9
LH:9
BRF:0
BRH:0
end_of_record
