TN:
SF:src\controllers\authController.js
FN:10,(anonymous_0)
FN:12,(anonymous_1)
FN:94,(anonymous_2)
FN:95,(anonymous_3)
FN:110,(anonymous_4)
FNF:5
FNH:3
FNDA:24,(anonymous_0)
FNDA:5,(anonymous_1)
FNDA:0,(anonymous_2)
FNDA:0,(anonymous_3)
FNDA:3,(anonymous_4)
DA:1,1
DA:2,1
DA:3,1
DA:5,1
DA:6,1
DA:7,1
DA:8,1
DA:10,24
DA:12,1
DA:13,5
DA:15,5
DA:16,1
DA:21,4
DA:22,4
DA:23,4
DA:25,4
DA:26,0
DA:31,4
DA:32,0
DA:37,4
DA:38,0
DA:43,4
DA:44,1
DA:49,3
DA:50,3
DA:51,1
DA:56,2
DA:58,2
DA:59,1
DA:64,1
DA:65,1
DA:67,1
DA:68,1
DA:74,1
DA:75,1
DA:83,1
DA:93,0
DA:94,0
DA:95,0
DA:98,0
DA:99,0
DA:104,0
DA:110,1
DA:111,3
DA:113,3
DA:114,1
DA:119,2
DA:120,2
DA:122,2
DA:123,1
DA:128,1
DA:130,1
DA:131,0
DA:136,1
LF:54
LH:44
BRDA:10,0,0,24
BRDA:10,0,1,22
BRDA:15,1,0,1
BRDA:15,1,1,4
BRDA:15,2,0,5
BRDA:15,2,1,5
BRDA:15,2,2,4
BRDA:15,2,3,4
BRDA:25,3,0,0
BRDA:25,3,1,4
BRDA:25,4,0,4
BRDA:25,4,1,4
BRDA:31,5,0,0
BRDA:31,5,1,4
BRDA:31,6,0,4
BRDA:31,6,1,4
BRDA:37,7,0,0
BRDA:37,7,1,4
BRDA:43,8,0,1
BRDA:43,8,1,3
BRDA:50,9,0,1
BRDA:50,9,1,2
BRDA:58,10,0,1
BRDA:58,10,1,1
BRDA:93,11,0,0
BRDA:93,11,1,0
BRDA:98,12,0,0
BRDA:98,12,1,0
BRDA:113,13,0,1
BRDA:113,13,1,2
BRDA:113,14,0,3
BRDA:113,14,1,3
BRDA:122,15,0,1
BRDA:122,15,1,1
BRDA:130,16,0,0
BRDA:130,16,1,1
BRF:36
BRH:28
end_of_record
TN:
SF:src\controllers\historyController.js
FN:5,(anonymous_0)
FN:20,(anonymous_1)
FN:35,(anonymous_2)
FN:50,(anonymous_3)
FN:55,(anonymous_4)
FN:57,(anonymous_5)
FN:62,(anonymous_6)
FN:64,(anonymous_7)
FN:69,(anonymous_8)
FNF:9
FNH:1
FNDA:0,(anonymous_0)
FNDA:0,(anonymous_1)
FNDA:0,(anonymous_2)
FNDA:0,(anonymous_3)
FNDA:0,(anonymous_4)
FNDA:0,(anonymous_5)
FNDA:0,(anonymous_6)
FNDA:0,(anonymous_7)
FNDA:8,(anonymous_8)
DA:2,2
DA:5,2
DA:6,0
DA:14,0
DA:15,0
DA:16,0
DA:20,2
DA:21,0
DA:29,0
DA:30,0
DA:31,0
DA:35,2
DA:36,0
DA:44,0
DA:45,0
DA:46,0
DA:50,2
DA:51,0
DA:55,2
DA:56,0
DA:57,0
DA:58,0
DA:62,2
DA:63,0
DA:64,0
DA:65,0
DA:69,2
DA:70,8
DA:73,2
LF:29
LH:10
BRF:0
BRH:0
end_of_record
TN:
SF:src\controllers\notificationController.js
FN:5,(anonymous_0)
FN:21,(anonymous_1)
FN:37,(anonymous_2)
FN:42,(anonymous_3)
FN:44,(anonymous_4)
FN:49,(anonymous_5)
FNF:6
FNH:1
FNDA:0,(anonymous_0)
FNDA:0,(anonymous_1)
FNDA:0,(anonymous_2)
FNDA:0,(anonymous_3)
FNDA:0,(anonymous_4)
FNDA:5,(anonymous_5)
DA:2,2
DA:5,2
DA:6,0
DA:15,0
DA:16,0
DA:17,0
DA:21,2
DA:22,0
DA:31,0
DA:32,0
DA:33,0
DA:37,2
DA:38,0
DA:42,2
DA:43,0
DA:44,0
DA:45,0
DA:49,2
DA:50,5
DA:53,2
LF:20
LH:8
BRF:0
BRH:0
end_of_record
TN:
SF:src\controllers\queueController.js
FN:8,(anonymous_0)
FN:26,(anonymous_1)
FN:43,(anonymous_2)
FN:75,(anonymous_3)
FN:83,(anonymous_4)
FN:118,(anonymous_5)
FN:126,(anonymous_6)
FN:151,(anonymous_7)
FN:202,(anonymous_8)
FNF:9
FNH:7
FNDA:0,(anonymous_0)
FNDA:1,(anonymous_1)
FNDA:5,(anonymous_2)
FNDA:0,(anonymous_3)
FNDA:2,(anonymous_4)
FNDA:2,(anonymous_5)
FNDA:2,(anonymous_6)
FNDA:15,(anonymous_7)
FNDA:11,(anonymous_8)
DA:1,3
DA:2,3
DA:3,3
DA:4,3
DA:5,3
DA:8,3
DA:9,0
DA:10,0
DA:11,0
DA:13,0
DA:14,0
DA:15,0
DA:18,0
DA:20,0
DA:26,3
DA:27,1
DA:28,1
DA:30,1
DA:31,1
DA:32,1
DA:33,1
DA:36,1
DA:38,0
DA:43,3
DA:44,5
DA:45,5
DA:48,5
DA:49,4
DA:50,1
DA:54,3
DA:60,3
DA:61,1
DA:64,2
DA:67,2
DA:68,2
DA:69,2
DA:71,2
DA:75,0
DA:78,0
DA:83,3
DA:84,2
DA:85,2
DA:86,2
DA:89,2
DA:90,2
DA:91,0
DA:95,2
DA:96,2
DA:97,1
DA:102,1
DA:103,1
DA:104,0
DA:105,0
DA:108,1
DA:109,1
DA:110,1
DA:111,1
DA:114,1
DA:115,1
DA:118,2
DA:121,0
DA:126,3
DA:127,2
DA:128,2
DA:131,2
DA:132,2
DA:133,0
DA:136,2
DA:142,2
DA:144,2
DA:146,0
DA:151,3
DA:152,15
DA:153,15
DA:154,15
DA:156,15
DA:157,1
DA:161,14
DA:162,7
DA:163,0
DA:167,7
DA:168,7
DA:169,0
DA:172,7
DA:174,7
DA:175,7
DA:176,7
DA:178,7
DA:187,7
DA:188,7
DA:190,7
DA:197,4
DA:202,3
DA:203,11
DA:206,3
LF:95
LH:76
BRDA:32,0,0,1
BRDA:32,0,1,0
BRDA:49,1,0,1
BRDA:49,1,1,3
BRDA:60,2,0,1
BRDA:60,2,1,2
BRDA:68,3,0,0
BRDA:68,3,1,2
BRDA:69,4,0,0
BRDA:69,4,1,2
BRDA:90,5,0,0
BRDA:90,5,1,2
BRDA:96,6,0,1
BRDA:96,6,1,1
BRDA:102,7,0,1
BRDA:102,7,1,0
BRDA:104,8,0,0
BRDA:104,8,1,0
BRDA:108,9,0,1
BRDA:108,9,1,0
BRDA:132,10,0,0
BRDA:132,10,1,2
BRDA:142,11,0,2
BRDA:142,11,1,0
BRDA:156,12,0,1
BRDA:156,12,1,14
BRDA:156,13,0,15
BRDA:156,13,1,14
BRDA:156,13,2,14
BRDA:162,14,0,0
BRDA:162,14,1,7
BRDA:168,15,0,0
BRDA:168,15,1,7
BRDA:168,16,0,7
BRDA:168,16,1,7
BRF:35
BRH:23
end_of_record
TN:
SF:src\controllers\serviceController.js
FN:5,(anonymous_0)
FN:8,(anonymous_1)
FN:22,(anonymous_2)
FN:43,(anonymous_3)
FNF:4
FNH:4
FNDA:1,(anonymous_0)
FNDA:1,(anonymous_1)
FNDA:14,(anonymous_2)
FNDA:2,(anonymous_3)
DA:1,4
DA:2,4
DA:5,4
DA:6,1
DA:7,1
DA:8,1
DA:15,1
DA:17,0
DA:22,4
DA:23,14
DA:24,14
DA:27,14
DA:28,1
DA:31,13
DA:34,2
DA:36,2
DA:38,8
DA:43,4
DA:44,2
DA:45,2
DA:46,2
DA:49,2
DA:50,2
DA:51,2
DA:52,2
DA:53,2
DA:55,2
DA:61,2
DA:62,1
DA:65,1
DA:67,0
DA:71,4
LF:32
LH:30
BRDA:27,0,0,1
BRDA:27,0,1,13
BRDA:27,1,0,14
BRDA:27,1,1,13
BRDA:27,1,2,13
BRDA:50,2,0,1
BRDA:50,2,1,1
BRDA:51,3,0,0
BRDA:51,3,1,2
BRDA:52,4,0,1
BRDA:52,4,1,1
BRDA:53,5,0,0
BRDA:53,5,1,2
BRDA:61,6,0,1
BRDA:61,6,1,1
BRF:15
BRH:13
end_of_record
TN:
SF:src\models\queue.js
FNF:0
FNH:0
DA:1,4
DA:3,4
DA:22,4
LF:3
LH:3
BRDA:22,0,0,4
BRDA:22,0,1,4
BRF:2
BRH:2
end_of_record
TN:
SF:src\models\queueEntry.js
FNF:0
FNH:0
DA:1,3
DA:3,3
DA:40,3
LF:3
LH:3
BRF:0
BRH:0
end_of_record
TN:
SF:src\models\service.js
FNF:0
FNH:0
DA:1,4
DA:3,4
DA:36,4
LF:3
LH:3
BRDA:36,0,0,4
BRDA:36,0,1,4
BRF:2
BRH:2
end_of_record
TN:
SF:src\models\userCredentials.js
FNF:0
FNH:0
DA:1,1
DA:3,1
DA:30,1
LF:3
LH:3
BRDA:30,0,0,1
BRDA:30,0,1,1
BRF:2
BRH:2
end_of_record
TN:
SF:src\models\userProfile.js
FNF:0
FNH:0
DA:1,1
DA:3,1
DA:42,1
LF:3
LH:3
BRDA:42,0,0,1
BRDA:42,0,1,1
BRF:2
BRH:2
end_of_record
TN:
SF:src\routes\authRoutes.js
FNF:0
FNH:0
DA:1,1
DA:2,1
DA:4,1
DA:6,1
DA:7,1
DA:9,1
LF:6
LH:6
BRF:0
BRH:0
end_of_record
TN:
SF:src\routes\feedback.js
FN:8,(anonymous_0)
FN:33,(anonymous_1)
FNF:2
FNH:1
FNDA:2,(anonymous_0)
FNDA:0,(anonymous_1)
DA:1,1
DA:2,1
DA:4,1
DA:5,1
DA:8,1
DA:10,2
DA:12,2
DA:13,1
DA:16,1
DA:17,0
DA:20,1
DA:27,1
DA:29,1
DA:33,1
DA:34,0
DA:37,1
LF:16
LH:14
BRDA:12,0,0,1
BRDA:12,0,1,1
BRDA:12,1,0,2
BRDA:12,1,1,2
BRDA:12,1,2,2
BRDA:16,2,0,0
BRDA:16,2,1,1
BRDA:16,3,0,1
BRDA:16,3,1,1
BRDA:23,4,0,1
BRDA:23,4,1,0
BRF:11
BRH:9
end_of_record
TN:
SF:src\routes\historyRoutes.js
FNF:0
FNH:0
DA:1,1
DA:2,1
DA:4,1
DA:7,1
DA:10,1
DA:13,1
DA:15,1
LF:7
LH:7
BRF:0
BRH:0
end_of_record
TN:
SF:src\routes\notificationRoutes.js
FNF:0
FNH:0
DA:1,1
DA:2,1
DA:4,1
DA:7,1
DA:10,1
DA:12,1
LF:6
LH:6
BRF:0
BRH:0
end_of_record
TN:
SF:src\routes\queueRoutes.js
FNF:0
FNH:0
DA:2,3
DA:3,3
DA:6,3
DA:10,3
DA:13,3
DA:16,3
DA:19,3
DA:22,3
DA:25,3
DA:27,3
LF:10
LH:10
BRF:0
BRH:0
end_of_record
TN:
SF:src\routes\serviceRoutes.js
FNF:0
FNH:0
DA:2,4
DA:3,4
DA:6,4
DA:9,4
DA:12,4
DA:15,4
DA:17,4
LF:7
LH:7
BRF:0
BRH:0
end_of_record
